{"/home/clara/Documentos/misrepos/blog-APIrest-practice-/backend/src/server.js": {"path":"/home/clara/Documentos/misrepos/blog-APIrest-practice-/backend/src/server.js","statementMap":{"0":{"start":{"line":2,"column":13},"end":{"line":2,"column":28}},"1":{"start":{"line":3,"column":16},"end":{"line":3,"column":34}},"2":{"start":{"line":6,"column":19},"end":{"line":6,"column":42}},"3":{"start":{"line":7,"column":19},"end":{"line":7,"column":43}},"4":{"start":{"line":11,"column":17},"end":{"line":11,"column":36}},"5":{"start":{"line":12,"column":22},"end":{"line":12,"column":60}},"6":{"start":{"line":15,"column":20},"end":{"line":15,"column":52}},"7":{"start":{"line":16,"column":19},"end":{"line":16,"column":53}},"8":{"start":{"line":17,"column":19},"end":{"line":17,"column":31}},"9":{"start":{"line":19,"column":16},"end":{"line":22,"column":1}},"10":{"start":{"line":24,"column":12},"end":{"line":24,"column":21}},"11":{"start":{"line":26,"column":0},"end":{"line":26,"column":31}},"12":{"start":{"line":27,"column":0},"end":{"line":27,"column":16}},"13":{"start":{"line":28,"column":0},"end":{"line":28,"column":24}},"14":{"start":{"line":29,"column":0},"end":{"line":29,"column":25}},"15":{"start":{"line":34,"column":17},"end":{"line":34,"column":61}},"16":{"start":{"line":36,"column":4},"end":{"line":38,"column":5}},"17":{"start":{"line":37,"column":8},"end":{"line":37,"column":64}},"18":{"start":{"line":40,"column":4},"end":{"line":44,"column":5}},"19":{"start":{"line":41,"column":8},"end":{"line":41,"column":32}},"20":{"start":{"line":43,"column":8},"end":{"line":43,"column":68}},"21":{"start":{"line":47,"column":0},"end":{"line":47,"column":40}},"22":{"start":{"line":49,"column":0},"end":{"line":56,"column":4}},"23":{"start":{"line":50,"column":17},"end":{"line":50,"column":69}},"24":{"start":{"line":51,"column":4},"end":{"line":55,"column":5}},"25":{"start":{"line":52,"column":8},"end":{"line":52,"column":32}},"26":{"start":{"line":54,"column":8},"end":{"line":54,"column":64}},"27":{"start":{"line":59,"column":4},"end":{"line":59,"column":33}},"28":{"start":{"line":60,"column":4},"end":{"line":60,"column":40}},"29":{"start":{"line":61,"column":4},"end":{"line":61,"column":40}},"30":{"start":{"line":62,"column":4},"end":{"line":62,"column":15}},"31":{"start":{"line":65,"column":0},"end":{"line":65,"column":25}}},"fnMap":{"0":{"name":"verify","decl":{"start":{"line":32,"column":15},"end":{"line":32,"column":21}},"loc":{"start":{"line":32,"column":48},"end":{"line":45,"column":1}},"line":32},"1":{"name":"(anonymous_1)","decl":{"start":{"line":49,"column":38},"end":{"line":49,"column":39}},"loc":{"start":{"line":49,"column":63},"end":{"line":56,"column":1}},"line":49},"2":{"name":"initApp","decl":{"start":{"line":58,"column":15},"end":{"line":58,"column":22}},"loc":{"start":{"line":58,"column":25},"end":{"line":63,"column":1}},"line":58}},"branchMap":{"0":{"loc":{"start":{"line":36,"column":4},"end":{"line":38,"column":5}},"type":"if","locations":[{"start":{"line":36,"column":4},"end":{"line":38,"column":5}},{"start":{"line":36,"column":4},"end":{"line":38,"column":5}}],"line":36},"1":{"loc":{"start":{"line":40,"column":4},"end":{"line":44,"column":5}},"type":"if","locations":[{"start":{"line":40,"column":4},"end":{"line":44,"column":5}},{"start":{"line":40,"column":4},"end":{"line":44,"column":5}}],"line":40},"2":{"loc":{"start":{"line":51,"column":4},"end":{"line":55,"column":5}},"type":"if","locations":[{"start":{"line":51,"column":4},"end":{"line":55,"column":5}},{"start":{"line":51,"column":4},"end":{"line":55,"column":5}}],"line":51}},"s":{"0":3,"1":3,"2":3,"3":3,"4":3,"5":3,"6":3,"7":3,"8":3,"9":3,"10":3,"11":3,"12":3,"13":3,"14":3,"15":18,"16":18,"17":0,"18":18,"19":18,"20":0,"21":3,"22":3,"23":22,"24":22,"25":22,"26":0,"27":3,"28":3,"29":3,"30":3,"31":3},"f":{"0":18,"1":22,"2":3},"b":{"0":[0,18],"1":[18,0],"2":[22,0]},"_coverageSchema":"43e27e138ebf9cfc5966b082cf9a028302ed4184","hash":"5c7fcea02206f8aee83bd1594d2d6fab4c72698a"}
,"/home/clara/Documentos/misrepos/blog-APIrest-practice-/backend/src/controller/index.js": {"path":"/home/clara/Documentos/misrepos/blog-APIrest-practice-/backend/src/controller/index.js","statementMap":{"0":{"start":{"line":1,"column":15},"end":{"line":1,"column":42}},"1":{"start":{"line":3,"column":23},"end":{"line":3,"column":50}},"2":{"start":{"line":4,"column":14},"end":{"line":4,"column":32}},"3":{"start":{"line":5,"column":17},"end":{"line":5,"column":38}},"4":{"start":{"line":6,"column":14},"end":{"line":6,"column":32}},"5":{"start":{"line":7,"column":14},"end":{"line":7,"column":32}},"6":{"start":{"line":10,"column":0},"end":{"line":10,"column":46}},"7":{"start":{"line":11,"column":0},"end":{"line":11,"column":28}},"8":{"start":{"line":12,"column":0},"end":{"line":12,"column":43}},"9":{"start":{"line":13,"column":0},"end":{"line":13,"column":22}},"10":{"start":{"line":14,"column":0},"end":{"line":14,"column":27}},"11":{"start":{"line":17,"column":0},"end":{"line":17,"column":24}}},"fnMap":{},"branchMap":{},"s":{"0":3,"1":3,"2":3,"3":3,"4":3,"5":3,"6":3,"7":3,"8":3,"9":3,"10":3,"11":3},"f":{},"b":{},"_coverageSchema":"43e27e138ebf9cfc5966b082cf9a028302ed4184","hash":"503dec22a055770be187ef52f275f28cbec98e4f"}
,"/home/clara/Documentos/misrepos/blog-APIrest-practice-/backend/src/controller/comments/index.js": {"path":"/home/clara/Documentos/misrepos/blog-APIrest-practice-/backend/src/controller/comments/index.js","statementMap":{"0":{"start":{"line":4,"column":16},"end":{"line":4,"column":34}},"1":{"start":{"line":5,"column":23},"end":{"line":5,"column":60}},"2":{"start":{"line":6,"column":19},"end":{"line":6,"column":46}},"3":{"start":{"line":7,"column":18},"end":{"line":7,"column":45}},"4":{"start":{"line":8,"column":17},"end":{"line":8,"column":44}},"5":{"start":{"line":9,"column":17},"end":{"line":9,"column":36}},"6":{"start":{"line":12,"column":0},"end":{"line":41,"column":7}},"7":{"start":{"line":15,"column":21},"end":{"line":15,"column":29}},"8":{"start":{"line":16,"column":34},"end":{"line":16,"column":38}},"9":{"start":{"line":17,"column":23},"end":{"line":17,"column":36}},"10":{"start":{"line":18,"column":24},"end":{"line":18,"column":32}},"11":{"start":{"line":19,"column":25},"end":{"line":19,"column":32}},"12":{"start":{"line":20,"column":8},"end":{"line":20,"column":37}},"13":{"start":{"line":21,"column":8},"end":{"line":21,"column":34}},"14":{"start":{"line":22,"column":8},"end":{"line":22,"column":36}},"15":{"start":{"line":25,"column":8},"end":{"line":40,"column":9}},"16":{"start":{"line":26,"column":12},"end":{"line":26,"column":49}},"17":{"start":{"line":29,"column":13},"end":{"line":40,"column":9}},"18":{"start":{"line":30,"column":12},"end":{"line":30,"column":49}},"19":{"start":{"line":32,"column":33},"end":{"line":32,"column":90}},"20":{"start":{"line":33,"column":31},"end":{"line":33,"column":66}},"21":{"start":{"line":34,"column":12},"end":{"line":39,"column":13}},"22":{"start":{"line":35,"column":16},"end":{"line":35,"column":70}},"23":{"start":{"line":36,"column":16},"end":{"line":36,"column":34}},"24":{"start":{"line":38,"column":16},"end":{"line":38,"column":49}},"25":{"start":{"line":44,"column":0},"end":{"line":62,"column":7}},"26":{"start":{"line":47,"column":23},"end":{"line":47,"column":36}},"27":{"start":{"line":48,"column":26},"end":{"line":48,"column":46}},"28":{"start":{"line":49,"column":34},"end":{"line":49,"column":42}},"29":{"start":{"line":50,"column":24},"end":{"line":50,"column":80}},"30":{"start":{"line":52,"column":8},"end":{"line":61,"column":9}},"31":{"start":{"line":53,"column":12},"end":{"line":53,"column":54}},"32":{"start":{"line":54,"column":15},"end":{"line":61,"column":9}},"33":{"start":{"line":57,"column":12},"end":{"line":57,"column":49}},"34":{"start":{"line":59,"column":12},"end":{"line":59,"column":75}},"35":{"start":{"line":60,"column":12},"end":{"line":60,"column":33}},"36":{"start":{"line":65,"column":0},"end":{"line":108,"column":7}},"37":{"start":{"line":68,"column":26},"end":{"line":68,"column":46}},"38":{"start":{"line":69,"column":23},"end":{"line":69,"column":36}},"39":{"start":{"line":71,"column":21},"end":{"line":71,"column":29}},"40":{"start":{"line":72,"column":31},"end":{"line":72,"column":35}},"41":{"start":{"line":75,"column":30},"end":{"line":75,"column":86}},"42":{"start":{"line":76,"column":32},"end":{"line":76,"column":60}},"43":{"start":{"line":77,"column":25},"end":{"line":77,"column":40}},"44":{"start":{"line":79,"column":8},"end":{"line":107,"column":9}},"45":{"start":{"line":81,"column":12},"end":{"line":81,"column":82}},"46":{"start":{"line":83,"column":15},"end":{"line":107,"column":9}},"47":{"start":{"line":85,"column":12},"end":{"line":85,"column":49}},"48":{"start":{"line":88,"column":31},"end":{"line":88,"column":39}},"49":{"start":{"line":89,"column":29},"end":{"line":89,"column":39}},"50":{"start":{"line":90,"column":12},"end":{"line":90,"column":35}},"51":{"start":{"line":93,"column":12},"end":{"line":106,"column":13}},"52":{"start":{"line":94,"column":16},"end":{"line":94,"column":53}},"53":{"start":{"line":97,"column":37},"end":{"line":97,"column":94}},"54":{"start":{"line":98,"column":35},"end":{"line":98,"column":70}},"55":{"start":{"line":99,"column":16},"end":{"line":105,"column":17}},"56":{"start":{"line":101,"column":20},"end":{"line":101,"column":95}},"57":{"start":{"line":102,"column":20},"end":{"line":102,"column":41}},"58":{"start":{"line":104,"column":20},"end":{"line":104,"column":53}},"59":{"start":{"line":110,"column":0},"end":{"line":110,"column":32}}},"fnMap":{"0":{"name":"(anonymous_0)","decl":{"start":{"line":14,"column":4},"end":{"line":14,"column":5}},"loc":{"start":{"line":14,"column":24},"end":{"line":41,"column":5}},"line":14},"1":{"name":"(anonymous_1)","decl":{"start":{"line":46,"column":4},"end":{"line":46,"column":5}},"loc":{"start":{"line":46,"column":24},"end":{"line":62,"column":5}},"line":46},"2":{"name":"(anonymous_2)","decl":{"start":{"line":67,"column":4},"end":{"line":67,"column":5}},"loc":{"start":{"line":67,"column":24},"end":{"line":108,"column":5}},"line":67}},"branchMap":{"0":{"loc":{"start":{"line":25,"column":8},"end":{"line":40,"column":9}},"type":"if","locations":[{"start":{"line":25,"column":8},"end":{"line":40,"column":9}},{"start":{"line":25,"column":8},"end":{"line":40,"column":9}}],"line":25},"1":{"loc":{"start":{"line":25,"column":12},"end":{"line":25,"column":50}},"type":"binary-expr","locations":[{"start":{"line":25,"column":12},"end":{"line":25,"column":27}},{"start":{"line":25,"column":31},"end":{"line":25,"column":50}}],"line":25},"2":{"loc":{"start":{"line":29,"column":13},"end":{"line":40,"column":9}},"type":"if","locations":[{"start":{"line":29,"column":13},"end":{"line":40,"column":9}},{"start":{"line":29,"column":13},"end":{"line":40,"column":9}}],"line":29},"3":{"loc":{"start":{"line":34,"column":12},"end":{"line":39,"column":13}},"type":"if","locations":[{"start":{"line":34,"column":12},"end":{"line":39,"column":13}},{"start":{"line":34,"column":12},"end":{"line":39,"column":13}}],"line":34},"4":{"loc":{"start":{"line":52,"column":8},"end":{"line":61,"column":9}},"type":"if","locations":[{"start":{"line":52,"column":8},"end":{"line":61,"column":9}},{"start":{"line":52,"column":8},"end":{"line":61,"column":9}}],"line":52},"5":{"loc":{"start":{"line":54,"column":15},"end":{"line":61,"column":9}},"type":"if","locations":[{"start":{"line":54,"column":15},"end":{"line":61,"column":9}},{"start":{"line":54,"column":15},"end":{"line":61,"column":9}}],"line":54},"6":{"loc":{"start":{"line":55,"column":12},"end":{"line":55,"column":60}},"type":"binary-expr","locations":[{"start":{"line":55,"column":12},"end":{"line":55,"column":27}},{"start":{"line":55,"column":31},"end":{"line":55,"column":60}}],"line":55},"7":{"loc":{"start":{"line":79,"column":8},"end":{"line":107,"column":9}},"type":"if","locations":[{"start":{"line":79,"column":8},"end":{"line":107,"column":9}},{"start":{"line":79,"column":8},"end":{"line":107,"column":9}}],"line":79},"8":{"loc":{"start":{"line":83,"column":15},"end":{"line":107,"column":9}},"type":"if","locations":[{"start":{"line":83,"column":15},"end":{"line":107,"column":9}},{"start":{"line":83,"column":15},"end":{"line":107,"column":9}}],"line":83},"9":{"loc":{"start":{"line":83,"column":20},"end":{"line":83,"column":76}},"type":"binary-expr","locations":[{"start":{"line":83,"column":20},"end":{"line":83,"column":35}},{"start":{"line":83,"column":39},"end":{"line":83,"column":76}}],"line":83},"10":{"loc":{"start":{"line":93,"column":12},"end":{"line":106,"column":13}},"type":"if","locations":[{"start":{"line":93,"column":12},"end":{"line":106,"column":13}},{"start":{"line":93,"column":12},"end":{"line":106,"column":13}}],"line":93},"11":{"loc":{"start":{"line":99,"column":16},"end":{"line":105,"column":17}},"type":"if","locations":[{"start":{"line":99,"column":16},"end":{"line":105,"column":17}},{"start":{"line":99,"column":16},"end":{"line":105,"column":17}}],"line":99}},"s":{"0":3,"1":3,"2":3,"3":3,"4":3,"5":3,"6":3,"7":2,"8":2,"9":2,"10":2,"11":2,"12":2,"13":2,"14":2,"15":2,"16":0,"17":2,"18":0,"19":2,"20":2,"21":2,"22":2,"23":2,"24":0,"25":3,"26":2,"27":2,"28":2,"29":2,"30":2,"31":0,"32":2,"33":1,"34":1,"35":1,"36":3,"37":2,"38":2,"39":2,"40":2,"41":2,"42":2,"43":2,"44":2,"45":0,"46":2,"47":0,"48":2,"49":2,"50":2,"51":2,"52":0,"53":2,"54":2,"55":2,"56":2,"57":2,"58":0,"59":3},"f":{"0":2,"1":2,"2":2},"b":{"0":[0,2],"1":[2,1],"2":[0,2],"3":[2,0],"4":[0,2],"5":[1,1],"6":[2,1],"7":[0,2],"8":[0,2],"9":[2,1],"10":[0,2],"11":[2,0]},"_coverageSchema":"43e27e138ebf9cfc5966b082cf9a028302ed4184","hash":"ae910c6a5d7e075680e79063abd89c5a4db36d66"}
,"/home/clara/Documentos/misrepos/blog-APIrest-practice-/backend/src/controller/login/index.js": {"path":"/home/clara/Documentos/misrepos/blog-APIrest-practice-/backend/src/controller/login/index.js","statementMap":{"0":{"start":{"line":3,"column":16},"end":{"line":3,"column":34}},"1":{"start":{"line":4,"column":20},"end":{"line":4,"column":36}},"2":{"start":{"line":6,"column":17},"end":{"line":6,"column":36}},"3":{"start":{"line":7,"column":12},"end":{"line":7,"column":35}},"4":{"start":{"line":8,"column":19},"end":{"line":8,"column":31}},"5":{"start":{"line":11,"column":0},"end":{"line":22,"column":7}},"6":{"start":{"line":15,"column":29},"end":{"line":15,"column":37}},"7":{"start":{"line":17,"column":21},"end":{"line":17,"column":39}},"8":{"start":{"line":18,"column":22},"end":{"line":18,"column":62}},"9":{"start":{"line":20,"column":8},"end":{"line":20,"column":71}},"10":{"start":{"line":24,"column":0},"end":{"line":24,"column":29}}},"fnMap":{"0":{"name":"(anonymous_0)","decl":{"start":{"line":13,"column":4},"end":{"line":13,"column":5}},"loc":{"start":{"line":13,"column":18},"end":{"line":22,"column":5}},"line":13}},"branchMap":{},"s":{"0":3,"1":3,"2":3,"3":3,"4":3,"5":3,"6":18,"7":18,"8":18,"9":18,"10":3},"f":{"0":18},"b":{},"_coverageSchema":"43e27e138ebf9cfc5966b082cf9a028302ed4184","hash":"9d6757416caa7269c94c6809e6959c50921d5cb2"}
,"/home/clara/Documentos/misrepos/blog-APIrest-practice-/backend/src/controller/offensivewords/index.js": {"path":"/home/clara/Documentos/misrepos/blog-APIrest-practice-/backend/src/controller/offensivewords/index.js","statementMap":{"0":{"start":{"line":4,"column":16},"end":{"line":4,"column":34}},"1":{"start":{"line":5,"column":29},"end":{"line":5,"column":45}},"2":{"start":{"line":6,"column":19},"end":{"line":6,"column":46}},"3":{"start":{"line":7,"column":17},"end":{"line":7,"column":36}},"4":{"start":{"line":9,"column":0},"end":{"line":31,"column":7}},"5":{"start":{"line":12,"column":30},"end":{"line":12,"column":38}},"6":{"start":{"line":13,"column":32},"end":{"line":13,"column":45}},"7":{"start":{"line":14,"column":25},"end":{"line":14,"column":82}},"8":{"start":{"line":15,"column":24},"end":{"line":15,"column":32}},"9":{"start":{"line":17,"column":8},"end":{"line":30,"column":9}},"10":{"start":{"line":18,"column":12},"end":{"line":18,"column":48}},"11":{"start":{"line":19,"column":15},"end":{"line":30,"column":9}},"12":{"start":{"line":24,"column":12},"end":{"line":24,"column":49}},"13":{"start":{"line":25,"column":15},"end":{"line":30,"column":9}},"14":{"start":{"line":26,"column":12},"end":{"line":26,"column":71}},"15":{"start":{"line":28,"column":12},"end":{"line":28,"column":79}},"16":{"start":{"line":29,"column":12},"end":{"line":29,"column":36}},"17":{"start":{"line":33,"column":0},"end":{"line":43,"column":7}},"18":{"start":{"line":36,"column":24},"end":{"line":36,"column":32}},"19":{"start":{"line":37,"column":8},"end":{"line":42,"column":9}},"20":{"start":{"line":38,"column":12},"end":{"line":38,"column":48}},"21":{"start":{"line":40,"column":29},"end":{"line":40,"column":86}},"22":{"start":{"line":41,"column":12},"end":{"line":41,"column":31}},"23":{"start":{"line":45,"column":0},"end":{"line":58,"column":7}},"24":{"start":{"line":48,"column":24},"end":{"line":48,"column":32}},"25":{"start":{"line":49,"column":19},"end":{"line":49,"column":32}},"26":{"start":{"line":50,"column":30},"end":{"line":50,"column":89}},"27":{"start":{"line":51,"column":8},"end":{"line":57,"column":9}},"28":{"start":{"line":52,"column":12},"end":{"line":52,"column":48}},"29":{"start":{"line":53,"column":15},"end":{"line":57,"column":9}},"30":{"start":{"line":54,"column":12},"end":{"line":54,"column":51}},"31":{"start":{"line":56,"column":12},"end":{"line":56,"column":36}},"32":{"start":{"line":60,"column":0},"end":{"line":74,"column":7}},"33":{"start":{"line":63,"column":24},"end":{"line":63,"column":32}},"34":{"start":{"line":64,"column":19},"end":{"line":64,"column":32}},"35":{"start":{"line":65,"column":30},"end":{"line":65,"column":89}},"36":{"start":{"line":66,"column":8},"end":{"line":73,"column":9}},"37":{"start":{"line":67,"column":12},"end":{"line":67,"column":48}},"38":{"start":{"line":68,"column":15},"end":{"line":73,"column":9}},"39":{"start":{"line":69,"column":12},"end":{"line":69,"column":51}},"40":{"start":{"line":71,"column":12},"end":{"line":71,"column":75}},"41":{"start":{"line":72,"column":12},"end":{"line":72,"column":36}},"42":{"start":{"line":76,"column":0},"end":{"line":98,"column":7}},"43":{"start":{"line":79,"column":24},"end":{"line":79,"column":32}},"44":{"start":{"line":80,"column":19},"end":{"line":80,"column":32}},"45":{"start":{"line":81,"column":30},"end":{"line":81,"column":89}},"46":{"start":{"line":82,"column":8},"end":{"line":97,"column":9}},"47":{"start":{"line":83,"column":12},"end":{"line":83,"column":48}},"48":{"start":{"line":84,"column":15},"end":{"line":97,"column":9}},"49":{"start":{"line":85,"column":12},"end":{"line":85,"column":52}},"50":{"start":{"line":87,"column":37},"end":{"line":87,"column":45}},"51":{"start":{"line":88,"column":12},"end":{"line":96,"column":13}},"52":{"start":{"line":92,"column":16},"end":{"line":92,"column":53}},"53":{"start":{"line":94,"column":16},"end":{"line":94,"column":97}},"54":{"start":{"line":95,"column":16},"end":{"line":95,"column":43}},"55":{"start":{"line":100,"column":0},"end":{"line":100,"column":38}}},"fnMap":{"0":{"name":"(anonymous_0)","decl":{"start":{"line":11,"column":4},"end":{"line":11,"column":5}},"loc":{"start":{"line":11,"column":24},"end":{"line":31,"column":5}},"line":11},"1":{"name":"(anonymous_1)","decl":{"start":{"line":35,"column":4},"end":{"line":35,"column":5}},"loc":{"start":{"line":35,"column":24},"end":{"line":43,"column":5}},"line":35},"2":{"name":"(anonymous_2)","decl":{"start":{"line":47,"column":4},"end":{"line":47,"column":5}},"loc":{"start":{"line":47,"column":24},"end":{"line":58,"column":5}},"line":47},"3":{"name":"(anonymous_3)","decl":{"start":{"line":62,"column":4},"end":{"line":62,"column":5}},"loc":{"start":{"line":62,"column":24},"end":{"line":74,"column":5}},"line":62},"4":{"name":"(anonymous_4)","decl":{"start":{"line":78,"column":4},"end":{"line":78,"column":5}},"loc":{"start":{"line":78,"column":24},"end":{"line":98,"column":5}},"line":78}},"branchMap":{"0":{"loc":{"start":{"line":17,"column":8},"end":{"line":30,"column":9}},"type":"if","locations":[{"start":{"line":17,"column":8},"end":{"line":30,"column":9}},{"start":{"line":17,"column":8},"end":{"line":30,"column":9}}],"line":17},"1":{"loc":{"start":{"line":19,"column":15},"end":{"line":30,"column":9}},"type":"if","locations":[{"start":{"line":19,"column":15},"end":{"line":30,"column":9}},{"start":{"line":19,"column":15},"end":{"line":30,"column":9}}],"line":19},"2":{"loc":{"start":{"line":20,"column":12},"end":{"line":22,"column":35}},"type":"binary-expr","locations":[{"start":{"line":20,"column":12},"end":{"line":20,"column":35}},{"start":{"line":21,"column":12},"end":{"line":21,"column":36}},{"start":{"line":22,"column":12},"end":{"line":22,"column":21}},{"start":{"line":22,"column":25},"end":{"line":22,"column":35}}],"line":20},"3":{"loc":{"start":{"line":25,"column":15},"end":{"line":30,"column":9}},"type":"if","locations":[{"start":{"line":25,"column":15},"end":{"line":30,"column":9}},{"start":{"line":25,"column":15},"end":{"line":30,"column":9}}],"line":25},"4":{"loc":{"start":{"line":37,"column":8},"end":{"line":42,"column":9}},"type":"if","locations":[{"start":{"line":37,"column":8},"end":{"line":42,"column":9}},{"start":{"line":37,"column":8},"end":{"line":42,"column":9}}],"line":37},"5":{"loc":{"start":{"line":51,"column":8},"end":{"line":57,"column":9}},"type":"if","locations":[{"start":{"line":51,"column":8},"end":{"line":57,"column":9}},{"start":{"line":51,"column":8},"end":{"line":57,"column":9}}],"line":51},"6":{"loc":{"start":{"line":53,"column":15},"end":{"line":57,"column":9}},"type":"if","locations":[{"start":{"line":53,"column":15},"end":{"line":57,"column":9}},{"start":{"line":53,"column":15},"end":{"line":57,"column":9}}],"line":53},"7":{"loc":{"start":{"line":66,"column":8},"end":{"line":73,"column":9}},"type":"if","locations":[{"start":{"line":66,"column":8},"end":{"line":73,"column":9}},{"start":{"line":66,"column":8},"end":{"line":73,"column":9}}],"line":66},"8":{"loc":{"start":{"line":68,"column":15},"end":{"line":73,"column":9}},"type":"if","locations":[{"start":{"line":68,"column":15},"end":{"line":73,"column":9}},{"start":{"line":68,"column":15},"end":{"line":73,"column":9}}],"line":68},"9":{"loc":{"start":{"line":82,"column":8},"end":{"line":97,"column":9}},"type":"if","locations":[{"start":{"line":82,"column":8},"end":{"line":97,"column":9}},{"start":{"line":82,"column":8},"end":{"line":97,"column":9}}],"line":82},"10":{"loc":{"start":{"line":84,"column":15},"end":{"line":97,"column":9}},"type":"if","locations":[{"start":{"line":84,"column":15},"end":{"line":97,"column":9}},{"start":{"line":84,"column":15},"end":{"line":97,"column":9}}],"line":84},"11":{"loc":{"start":{"line":88,"column":12},"end":{"line":96,"column":13}},"type":"if","locations":[{"start":{"line":88,"column":12},"end":{"line":96,"column":13}},{"start":{"line":88,"column":12},"end":{"line":96,"column":13}}],"line":88},"12":{"loc":{"start":{"line":89,"column":16},"end":{"line":90,"column":57}},"type":"binary-expr","locations":[{"start":{"line":89,"column":16},"end":{"line":89,"column":56}},{"start":{"line":90,"column":16},"end":{"line":90,"column":57}}],"line":89}},"s":{"0":3,"1":3,"2":3,"3":3,"4":3,"5":2,"6":2,"7":2,"8":2,"9":2,"10":1,"11":1,"12":0,"13":1,"14":0,"15":1,"16":1,"17":3,"18":5,"19":5,"20":1,"21":4,"22":4,"23":3,"24":3,"25":3,"26":3,"27":3,"28":0,"29":3,"30":1,"31":2,"32":3,"33":1,"34":1,"35":1,"36":1,"37":0,"38":1,"39":0,"40":1,"41":1,"42":3,"43":1,"44":1,"45":1,"46":1,"47":0,"48":1,"49":0,"50":1,"51":1,"52":0,"53":1,"54":1,"55":3},"f":{"0":2,"1":5,"2":3,"3":1,"4":1},"b":{"0":[1,1],"1":[0,1],"2":[1,1,1,1],"3":[0,1],"4":[1,4],"5":[0,3],"6":[1,2],"7":[0,1],"8":[0,1],"9":[0,1],"10":[0,1],"11":[0,1],"12":[1,1]},"_coverageSchema":"43e27e138ebf9cfc5966b082cf9a028302ed4184","hash":"61ae11be2de98ebaa5ecb90de36cf94efa2bbabf"}
,"/home/clara/Documentos/misrepos/blog-APIrest-practice-/backend/src/controller/posts/index.js": {"path":"/home/clara/Documentos/misrepos/blog-APIrest-practice-/backend/src/controller/posts/index.js","statementMap":{"0":{"start":{"line":4,"column":16},"end":{"line":4,"column":34}},"1":{"start":{"line":5,"column":20},"end":{"line":5,"column":36}},"2":{"start":{"line":6,"column":19},"end":{"line":6,"column":46}},"3":{"start":{"line":7,"column":17},"end":{"line":7,"column":36}},"4":{"start":{"line":9,"column":0},"end":{"line":30,"column":7}},"5":{"start":{"line":12,"column":21},"end":{"line":12,"column":29}},"6":{"start":{"line":13,"column":21},"end":{"line":13,"column":29}},"7":{"start":{"line":14,"column":44},"end":{"line":14,"column":48}},"8":{"start":{"line":15,"column":35},"end":{"line":15,"column":39}},"9":{"start":{"line":17,"column":8},"end":{"line":29,"column":9}},"10":{"start":{"line":18,"column":12},"end":{"line":18,"column":49}},"11":{"start":{"line":19,"column":15},"end":{"line":29,"column":9}},"12":{"start":{"line":25,"column":12},"end":{"line":25,"column":49}},"13":{"start":{"line":27,"column":12},"end":{"line":27,"column":58}},"14":{"start":{"line":28,"column":12},"end":{"line":28,"column":27}},"15":{"start":{"line":32,"column":0},"end":{"line":35,"column":3}},"16":{"start":{"line":33,"column":21},"end":{"line":33,"column":60}},"17":{"start":{"line":34,"column":4},"end":{"line":34,"column":23}},"18":{"start":{"line":37,"column":0},"end":{"line":45,"column":3}},"19":{"start":{"line":38,"column":15},"end":{"line":38,"column":32}},"20":{"start":{"line":39,"column":17},"end":{"line":39,"column":58}},"21":{"start":{"line":40,"column":4},"end":{"line":44,"column":5}},"22":{"start":{"line":41,"column":8},"end":{"line":41,"column":28}},"23":{"start":{"line":43,"column":8},"end":{"line":43,"column":23}},"24":{"start":{"line":47,"column":0},"end":{"line":64,"column":7}},"25":{"start":{"line":50,"column":19},"end":{"line":50,"column":36}},"26":{"start":{"line":51,"column":21},"end":{"line":51,"column":29}},"27":{"start":{"line":52,"column":21},"end":{"line":52,"column":62}},"28":{"start":{"line":53,"column":34},"end":{"line":53,"column":38}},"29":{"start":{"line":54,"column":27},"end":{"line":54,"column":31}},"30":{"start":{"line":55,"column":8},"end":{"line":63,"column":9}},"31":{"start":{"line":56,"column":12},"end":{"line":56,"column":49}},"32":{"start":{"line":58,"column":13},"end":{"line":63,"column":9}},"33":{"start":{"line":59,"column":12},"end":{"line":59,"column":46}},"34":{"start":{"line":61,"column":12},"end":{"line":61,"column":57}},"35":{"start":{"line":62,"column":12},"end":{"line":62,"column":27}},"36":{"start":{"line":66,"column":0},"end":{"line":99,"column":7}},"37":{"start":{"line":70,"column":19},"end":{"line":70,"column":36}},"38":{"start":{"line":71,"column":21},"end":{"line":71,"column":29}},"39":{"start":{"line":72,"column":34},"end":{"line":72,"column":38}},"40":{"start":{"line":73,"column":21},"end":{"line":73,"column":62}},"41":{"start":{"line":74,"column":27},"end":{"line":74,"column":31}},"42":{"start":{"line":76,"column":8},"end":{"line":98,"column":9}},"43":{"start":{"line":79,"column":12},"end":{"line":79,"column":49}},"44":{"start":{"line":81,"column":13},"end":{"line":98,"column":9}},"45":{"start":{"line":82,"column":12},"end":{"line":82,"column":46}},"46":{"start":{"line":84,"column":28},"end":{"line":84,"column":36}},"47":{"start":{"line":85,"column":51},"end":{"line":85,"column":58}},"48":{"start":{"line":87,"column":12},"end":{"line":97,"column":13}},"49":{"start":{"line":92,"column":16},"end":{"line":92,"column":36}},"50":{"start":{"line":94,"column":16},"end":{"line":94,"column":72}},"51":{"start":{"line":96,"column":16},"end":{"line":96,"column":34}},"52":{"start":{"line":101,"column":0},"end":{"line":101,"column":29}}},"fnMap":{"0":{"name":"(anonymous_0)","decl":{"start":{"line":11,"column":4},"end":{"line":11,"column":5}},"loc":{"start":{"line":11,"column":24},"end":{"line":30,"column":5}},"line":11},"1":{"name":"(anonymous_1)","decl":{"start":{"line":32,"column":21},"end":{"line":32,"column":22}},"loc":{"start":{"line":32,"column":41},"end":{"line":35,"column":1}},"line":32},"2":{"name":"(anonymous_2)","decl":{"start":{"line":37,"column":28},"end":{"line":37,"column":29}},"loc":{"start":{"line":37,"column":48},"end":{"line":45,"column":1}},"line":37},"3":{"name":"(anonymous_3)","decl":{"start":{"line":49,"column":4},"end":{"line":49,"column":5}},"loc":{"start":{"line":49,"column":24},"end":{"line":64,"column":5}},"line":49},"4":{"name":"(anonymous_4)","decl":{"start":{"line":68,"column":4},"end":{"line":68,"column":5}},"loc":{"start":{"line":68,"column":24},"end":{"line":99,"column":5}},"line":68}},"branchMap":{"0":{"loc":{"start":{"line":17,"column":8},"end":{"line":29,"column":9}},"type":"if","locations":[{"start":{"line":17,"column":8},"end":{"line":29,"column":9}},{"start":{"line":17,"column":8},"end":{"line":29,"column":9}}],"line":17},"1":{"loc":{"start":{"line":17,"column":12},"end":{"line":17,"column":50}},"type":"binary-expr","locations":[{"start":{"line":17,"column":12},"end":{"line":17,"column":27}},{"start":{"line":17,"column":31},"end":{"line":17,"column":50}}],"line":17},"2":{"loc":{"start":{"line":19,"column":15},"end":{"line":29,"column":9}},"type":"if","locations":[{"start":{"line":19,"column":15},"end":{"line":29,"column":9}},{"start":{"line":19,"column":15},"end":{"line":29,"column":9}}],"line":19},"3":{"loc":{"start":{"line":20,"column":12},"end":{"line":23,"column":38}},"type":"binary-expr","locations":[{"start":{"line":20,"column":12},"end":{"line":20,"column":39}},{"start":{"line":21,"column":12},"end":{"line":21,"column":39}},{"start":{"line":22,"column":12},"end":{"line":22,"column":36}},{"start":{"line":23,"column":12},"end":{"line":23,"column":38}}],"line":20},"4":{"loc":{"start":{"line":40,"column":4},"end":{"line":44,"column":5}},"type":"if","locations":[{"start":{"line":40,"column":4},"end":{"line":44,"column":5}},{"start":{"line":40,"column":4},"end":{"line":44,"column":5}}],"line":40},"5":{"loc":{"start":{"line":55,"column":8},"end":{"line":63,"column":9}},"type":"if","locations":[{"start":{"line":55,"column":8},"end":{"line":63,"column":9}},{"start":{"line":55,"column":8},"end":{"line":63,"column":9}}],"line":55},"6":{"loc":{"start":{"line":55,"column":12},"end":{"line":55,"column":50}},"type":"binary-expr","locations":[{"start":{"line":55,"column":12},"end":{"line":55,"column":27}},{"start":{"line":55,"column":31},"end":{"line":55,"column":50}}],"line":55},"7":{"loc":{"start":{"line":58,"column":13},"end":{"line":63,"column":9}},"type":"if","locations":[{"start":{"line":58,"column":13},"end":{"line":63,"column":9}},{"start":{"line":58,"column":13},"end":{"line":63,"column":9}}],"line":58},"8":{"loc":{"start":{"line":76,"column":8},"end":{"line":98,"column":9}},"type":"if","locations":[{"start":{"line":76,"column":8},"end":{"line":98,"column":9}},{"start":{"line":76,"column":8},"end":{"line":98,"column":9}}],"line":76},"9":{"loc":{"start":{"line":77,"column":12},"end":{"line":77,"column":50}},"type":"binary-expr","locations":[{"start":{"line":77,"column":12},"end":{"line":77,"column":27}},{"start":{"line":77,"column":31},"end":{"line":77,"column":50}}],"line":77},"10":{"loc":{"start":{"line":81,"column":13},"end":{"line":98,"column":9}},"type":"if","locations":[{"start":{"line":81,"column":13},"end":{"line":98,"column":9}},{"start":{"line":81,"column":13},"end":{"line":98,"column":9}}],"line":81},"11":{"loc":{"start":{"line":87,"column":12},"end":{"line":97,"column":13}},"type":"if","locations":[{"start":{"line":87,"column":12},"end":{"line":97,"column":13}},{"start":{"line":87,"column":12},"end":{"line":97,"column":13}}],"line":87},"12":{"loc":{"start":{"line":88,"column":16},"end":{"line":90,"column":45}},"type":"binary-expr","locations":[{"start":{"line":88,"column":16},"end":{"line":88,"column":40}},{"start":{"line":89,"column":16},"end":{"line":89,"column":42}},{"start":{"line":90,"column":16},"end":{"line":90,"column":45}}],"line":88}},"s":{"0":3,"1":3,"2":3,"3":3,"4":3,"5":2,"6":2,"7":2,"8":2,"9":2,"10":0,"11":2,"12":0,"13":2,"14":2,"15":3,"16":16,"17":16,"18":3,"19":10,"20":10,"21":10,"22":0,"23":10,"24":3,"25":0,"26":0,"27":0,"28":0,"29":0,"30":0,"31":0,"32":0,"33":0,"34":0,"35":0,"36":3,"37":2,"38":2,"39":2,"40":2,"41":2,"42":2,"43":0,"44":2,"45":0,"46":2,"47":2,"48":2,"49":0,"50":2,"51":2,"52":3},"f":{"0":2,"1":16,"2":10,"3":0,"4":2},"b":{"0":[0,2],"1":[2,1],"2":[0,2],"3":[2,2,2,2],"4":[0,10],"5":[0,0],"6":[0,0],"7":[0,0],"8":[0,2],"9":[2,1],"10":[0,2],"11":[0,2],"12":[2,2,2]},"_coverageSchema":"43e27e138ebf9cfc5966b082cf9a028302ed4184","hash":"9eff570498cee1a5755f6e6cdd205e1233e9354e"}
,"/home/clara/Documentos/misrepos/blog-APIrest-practice-/backend/src/controller/users/index.js": {"path":"/home/clara/Documentos/misrepos/blog-APIrest-practice-/backend/src/controller/users/index.js","statementMap":{"0":{"start":{"line":1,"column":16},"end":{"line":1,"column":34}},"1":{"start":{"line":2,"column":20},"end":{"line":2,"column":36}},"2":{"start":{"line":3,"column":19},"end":{"line":3,"column":46}},"3":{"start":{"line":5,"column":0},"end":{"line":22,"column":3}},"4":{"start":{"line":6,"column":17},"end":{"line":6,"column":25}},"5":{"start":{"line":7,"column":45},"end":{"line":7,"column":49}},"6":{"start":{"line":8,"column":19},"end":{"line":8,"column":53}},"7":{"start":{"line":10,"column":4},"end":{"line":21,"column":5}},"8":{"start":{"line":15,"column":8},"end":{"line":15,"column":45}},"9":{"start":{"line":16,"column":11},"end":{"line":21,"column":5}},"10":{"start":{"line":17,"column":8},"end":{"line":17,"column":49}},"11":{"start":{"line":19,"column":8},"end":{"line":19,"column":48}},"12":{"start":{"line":20,"column":8},"end":{"line":20,"column":23}},"13":{"start":{"line":24,"column":0},"end":{"line":27,"column":3}},"14":{"start":{"line":25,"column":21},"end":{"line":25,"column":60}},"15":{"start":{"line":26,"column":4},"end":{"line":26,"column":23}},"16":{"start":{"line":29,"column":0},"end":{"line":29,"column":29}}},"fnMap":{"0":{"name":"(anonymous_0)","decl":{"start":{"line":5,"column":28},"end":{"line":5,"column":29}},"loc":{"start":{"line":5,"column":48},"end":{"line":22,"column":1}},"line":5},"1":{"name":"(anonymous_1)","decl":{"start":{"line":24,"column":26},"end":{"line":24,"column":27}},"loc":{"start":{"line":24,"column":46},"end":{"line":27,"column":1}},"line":24}},"branchMap":{"0":{"loc":{"start":{"line":10,"column":4},"end":{"line":21,"column":5}},"type":"if","locations":[{"start":{"line":10,"column":4},"end":{"line":21,"column":5}},{"start":{"line":10,"column":4},"end":{"line":21,"column":5}}],"line":10},"1":{"loc":{"start":{"line":11,"column":8},"end":{"line":13,"column":35}},"type":"binary-expr","locations":[{"start":{"line":11,"column":8},"end":{"line":11,"column":35}},{"start":{"line":12,"column":8},"end":{"line":12,"column":35}},{"start":{"line":13,"column":8},"end":{"line":13,"column":35}}],"line":11},"2":{"loc":{"start":{"line":16,"column":11},"end":{"line":21,"column":5}},"type":"if","locations":[{"start":{"line":16,"column":11},"end":{"line":21,"column":5}},{"start":{"line":16,"column":11},"end":{"line":21,"column":5}}],"line":16}},"s":{"0":3,"1":3,"2":3,"3":3,"4":0,"5":0,"6":0,"7":0,"8":0,"9":0,"10":0,"11":0,"12":0,"13":3,"14":0,"15":0,"16":3},"f":{"0":0,"1":0},"b":{"0":[0,0],"1":[0,0,0],"2":[0,0]},"_coverageSchema":"43e27e138ebf9cfc5966b082cf9a028302ed4184","hash":"004b6d6cd6f414d19ae291c6f544fcd9a4cc7160"}
,"/home/clara/Documentos/misrepos/blog-APIrest-practice-/backend/src/repository/OffensiveWords.js": {"path":"/home/clara/Documentos/misrepos/blog-APIrest-practice-/backend/src/repository/OffensiveWords.js","statementMap":{"0":{"start":{"line":1,"column":17},"end":{"line":1,"column":44}},"1":{"start":{"line":2,"column":0},"end":{"line":58,"column":1}},"2":{"start":{"line":4,"column":4},"end":{"line":4,"column":21}},"3":{"start":{"line":5,"column":4},"end":{"line":5,"column":66}},"4":{"start":{"line":9,"column":28},"end":{"line":9,"column":41}},"5":{"start":{"line":10,"column":29},"end":{"line":13,"column":5}},"6":{"start":{"line":14,"column":4},"end":{"line":14,"column":48}},"7":{"start":{"line":18,"column":4},"end":{"line":18,"column":46}},"8":{"start":{"line":22,"column":4},"end":{"line":22,"column":62}},"9":{"start":{"line":26,"column":4},"end":{"line":26,"column":64}},"10":{"start":{"line":30,"column":29},"end":{"line":33,"column":5}},"11":{"start":{"line":34,"column":4},"end":{"line":34,"column":92}},"12":{"start":{"line":38,"column":4},"end":{"line":45,"column":7}},"13":{"start":{"line":39,"column":30},"end":{"line":39,"column":34}},"14":{"start":{"line":40,"column":6},"end":{"line":44,"column":7}},"15":{"start":{"line":41,"column":8},"end":{"line":41,"column":80}},"16":{"start":{"line":43,"column":8},"end":{"line":43,"column":40}},"17":{"start":{"line":49,"column":21},"end":{"line":49,"column":34}},"18":{"start":{"line":50,"column":25},"end":{"line":50,"column":68}},"19":{"start":{"line":50,"column":49},"end":{"line":50,"column":67}},"20":{"start":{"line":51,"column":4},"end":{"line":55,"column":5}},"21":{"start":{"line":52,"column":6},"end":{"line":52,"column":19}},"22":{"start":{"line":54,"column":6},"end":{"line":54,"column":18}}},"fnMap":{"0":{"name":"(anonymous_0)","decl":{"start":{"line":3,"column":2},"end":{"line":3,"column":3}},"loc":{"start":{"line":3,"column":20},"end":{"line":6,"column":3}},"line":3},"1":{"name":"(anonymous_1)","decl":{"start":{"line":8,"column":2},"end":{"line":8,"column":3}},"loc":{"start":{"line":8,"column":34},"end":{"line":15,"column":3}},"line":8},"2":{"name":"(anonymous_2)","decl":{"start":{"line":17,"column":2},"end":{"line":17,"column":3}},"loc":{"start":{"line":17,"column":25},"end":{"line":19,"column":3}},"line":17},"3":{"name":"(anonymous_3)","decl":{"start":{"line":21,"column":2},"end":{"line":21,"column":3}},"loc":{"start":{"line":21,"column":27},"end":{"line":23,"column":3}},"line":21},"4":{"name":"(anonymous_4)","decl":{"start":{"line":25,"column":2},"end":{"line":25,"column":3}},"loc":{"start":{"line":25,"column":30},"end":{"line":27,"column":3}},"line":25},"5":{"name":"(anonymous_5)","decl":{"start":{"line":29,"column":2},"end":{"line":29,"column":3}},"loc":{"start":{"line":29,"column":48},"end":{"line":35,"column":3}},"line":29},"6":{"name":"(anonymous_6)","decl":{"start":{"line":37,"column":2},"end":{"line":37,"column":3}},"loc":{"start":{"line":37,"column":28},"end":{"line":46,"column":3}},"line":37},"7":{"name":"(anonymous_7)","decl":{"start":{"line":38,"column":18},"end":{"line":38,"column":19}},"loc":{"start":{"line":38,"column":34},"end":{"line":45,"column":5}},"line":38},"8":{"name":"(anonymous_8)","decl":{"start":{"line":48,"column":2},"end":{"line":48,"column":3}},"loc":{"start":{"line":48,"column":45},"end":{"line":56,"column":3}},"line":48},"9":{"name":"(anonymous_9)","decl":{"start":{"line":50,"column":41},"end":{"line":50,"column":42}},"loc":{"start":{"line":50,"column":49},"end":{"line":50,"column":67}},"line":50}},"branchMap":{"0":{"loc":{"start":{"line":40,"column":6},"end":{"line":44,"column":7}},"type":"if","locations":[{"start":{"line":40,"column":6},"end":{"line":44,"column":7}},{"start":{"line":40,"column":6},"end":{"line":44,"column":7}}],"line":40},"1":{"loc":{"start":{"line":40,"column":10},"end":{"line":40,"column":61}},"type":"binary-expr","locations":[{"start":{"line":40,"column":10},"end":{"line":40,"column":33}},{"start":{"line":40,"column":37},"end":{"line":40,"column":61}}],"line":40},"2":{"loc":{"start":{"line":51,"column":4},"end":{"line":55,"column":5}},"type":"if","locations":[{"start":{"line":51,"column":4},"end":{"line":55,"column":5}},{"start":{"line":51,"column":4},"end":{"line":55,"column":5}}],"line":51}},"s":{"0":3,"1":3,"2":3,"3":3,"4":1,"5":1,"6":1,"7":13,"8":5,"9":1,"10":1,"11":1,"12":0,"13":0,"14":0,"15":0,"16":0,"17":1,"18":1,"19":18,"20":1,"21":1,"22":0},"f":{"0":3,"1":1,"2":13,"3":5,"4":1,"5":1,"6":0,"7":0,"8":1,"9":18},"b":{"0":[0,0],"1":[0,0],"2":[1,0]},"_coverageSchema":"43e27e138ebf9cfc5966b082cf9a028302ed4184","hash":"59bcd777cbfa4e0284eec0043b00a9daeec314a6"}
,"/home/clara/Documentos/misrepos/blog-APIrest-practice-/backend/src/repository/Posts.js": {"path":"/home/clara/Documentos/misrepos/blog-APIrest-practice-/backend/src/repository/Posts.js","statementMap":{"0":{"start":{"line":1,"column":17},"end":{"line":1,"column":44}},"1":{"start":{"line":2,"column":0},"end":{"line":111,"column":1}},"2":{"start":{"line":4,"column":8},"end":{"line":4,"column":25}},"3":{"start":{"line":5,"column":8},"end":{"line":5,"column":61}},"4":{"start":{"line":8,"column":39},"end":{"line":8,"column":43}},"5":{"start":{"line":9,"column":47},"end":{"line":9,"column":51}},"6":{"start":{"line":10,"column":24},"end":{"line":16,"column":9}},"7":{"start":{"line":17,"column":8},"end":{"line":17,"column":50}},"8":{"start":{"line":21,"column":8},"end":{"line":21,"column":75}},"9":{"start":{"line":25,"column":8},"end":{"line":25,"column":66}},"10":{"start":{"line":29,"column":8},"end":{"line":29,"column":68}},"11":{"start":{"line":33,"column":39},"end":{"line":33,"column":43}},"12":{"start":{"line":34,"column":47},"end":{"line":34,"column":54}},"13":{"start":{"line":35,"column":24},"end":{"line":41,"column":9}},"14":{"start":{"line":43,"column":8},"end":{"line":46,"column":10}},"15":{"start":{"line":50,"column":46},"end":{"line":50,"column":53}},"16":{"start":{"line":51,"column":27},"end":{"line":56,"column":9}},"17":{"start":{"line":58,"column":8},"end":{"line":61,"column":10}},"18":{"start":{"line":65,"column":8},"end":{"line":67,"column":20}},"19":{"start":{"line":71,"column":8},"end":{"line":85,"column":21}},"20":{"start":{"line":89,"column":8},"end":{"line":92,"column":10}},"21":{"start":{"line":96,"column":41},"end":{"line":96,"column":51}},"22":{"start":{"line":97,"column":27},"end":{"line":103,"column":9}},"23":{"start":{"line":105,"column":8},"end":{"line":108,"column":10}}},"fnMap":{"0":{"name":"(anonymous_0)","decl":{"start":{"line":3,"column":4},"end":{"line":3,"column":5}},"loc":{"start":{"line":3,"column":22},"end":{"line":6,"column":5}},"line":3},"1":{"name":"(anonymous_1)","decl":{"start":{"line":7,"column":4},"end":{"line":7,"column":5}},"loc":{"start":{"line":7,"column":24},"end":{"line":18,"column":5}},"line":7},"2":{"name":"(anonymous_2)","decl":{"start":{"line":20,"column":4},"end":{"line":20,"column":5}},"loc":{"start":{"line":20,"column":18},"end":{"line":22,"column":5}},"line":20},"3":{"name":"(anonymous_3)","decl":{"start":{"line":24,"column":4},"end":{"line":24,"column":5}},"loc":{"start":{"line":24,"column":20},"end":{"line":26,"column":5}},"line":24},"4":{"name":"(anonymous_4)","decl":{"start":{"line":28,"column":4},"end":{"line":28,"column":5}},"loc":{"start":{"line":28,"column":23},"end":{"line":30,"column":5}},"line":28},"5":{"name":"(anonymous_5)","decl":{"start":{"line":32,"column":4},"end":{"line":32,"column":5}},"loc":{"start":{"line":32,"column":34},"end":{"line":47,"column":5}},"line":32},"6":{"name":"(anonymous_6)","decl":{"start":{"line":49,"column":4},"end":{"line":49,"column":5}},"loc":{"start":{"line":49,"column":32},"end":{"line":62,"column":5}},"line":49},"7":{"name":"(anonymous_7)","decl":{"start":{"line":64,"column":4},"end":{"line":64,"column":5}},"loc":{"start":{"line":64,"column":24},"end":{"line":68,"column":5}},"line":64},"8":{"name":"(anonymous_8)","decl":{"start":{"line":70,"column":4},"end":{"line":70,"column":5}},"loc":{"start":{"line":70,"column":28},"end":{"line":86,"column":5}},"line":70},"9":{"name":"(anonymous_9)","decl":{"start":{"line":88,"column":4},"end":{"line":88,"column":5}},"loc":{"start":{"line":88,"column":34},"end":{"line":93,"column":5}},"line":88},"10":{"name":"(anonymous_10)","decl":{"start":{"line":95,"column":4},"end":{"line":95,"column":5}},"loc":{"start":{"line":95,"column":46},"end":{"line":109,"column":5}},"line":95}},"branchMap":{},"s":{"0":3,"1":3,"2":3,"3":3,"4":2,"5":2,"6":2,"7":2,"8":16,"9":12,"10":0,"11":2,"12":2,"13":2,"14":2,"15":2,"16":2,"17":2,"18":0,"19":4,"20":1,"21":2,"22":2,"23":2},"f":{"0":3,"1":2,"2":16,"3":12,"4":0,"5":2,"6":2,"7":0,"8":4,"9":1,"10":2},"b":{},"_coverageSchema":"43e27e138ebf9cfc5966b082cf9a028302ed4184","hash":"baae8b21870c7f6a15992020ce37e2fe58a4ca56"}
,"/home/clara/Documentos/misrepos/blog-APIrest-practice-/backend/src/repository/Users.js": {"path":"/home/clara/Documentos/misrepos/blog-APIrest-practice-/backend/src/repository/Users.js","statementMap":{"0":{"start":{"line":2,"column":17},"end":{"line":2,"column":44}},"1":{"start":{"line":3,"column":15},"end":{"line":3,"column":34}},"2":{"start":{"line":5,"column":0},"end":{"line":42,"column":1}},"3":{"start":{"line":7,"column":8},"end":{"line":7,"column":25}},"4":{"start":{"line":8,"column":8},"end":{"line":8,"column":61}},"5":{"start":{"line":12,"column":68},"end":{"line":12,"column":72}},"6":{"start":{"line":13,"column":29},"end":{"line":13,"column":85}},"7":{"start":{"line":15,"column":28},"end":{"line":20,"column":13}},"8":{"start":{"line":21,"column":12},"end":{"line":21,"column":47}},"9":{"start":{"line":25,"column":8},"end":{"line":25,"column":65}},"10":{"start":{"line":29,"column":8},"end":{"line":29,"column":50}},"11":{"start":{"line":33,"column":8},"end":{"line":33,"column":53}},"12":{"start":{"line":37,"column":8},"end":{"line":39,"column":11}},"13":{"start":{"line":38,"column":12},"end":{"line":38,"column":36}}},"fnMap":{"0":{"name":"(anonymous_0)","decl":{"start":{"line":6,"column":4},"end":{"line":6,"column":5}},"loc":{"start":{"line":6,"column":22},"end":{"line":9,"column":5}},"line":6},"1":{"name":"(anonymous_1)","decl":{"start":{"line":11,"column":4},"end":{"line":11,"column":5}},"loc":{"start":{"line":11,"column":24},"end":{"line":22,"column":5}},"line":11},"2":{"name":"(anonymous_2)","decl":{"start":{"line":24,"column":4},"end":{"line":24,"column":5}},"loc":{"start":{"line":24,"column":41},"end":{"line":26,"column":5}},"line":24},"3":{"name":"(anonymous_3)","decl":{"start":{"line":28,"column":4},"end":{"line":28,"column":5}},"loc":{"start":{"line":28,"column":18},"end":{"line":30,"column":5}},"line":28},"4":{"name":"(anonymous_4)","decl":{"start":{"line":32,"column":4},"end":{"line":32,"column":5}},"loc":{"start":{"line":32,"column":23},"end":{"line":34,"column":5}},"line":32},"5":{"name":"(anonymous_5)","decl":{"start":{"line":36,"column":4},"end":{"line":36,"column":5}},"loc":{"start":{"line":36,"column":26},"end":{"line":40,"column":5}},"line":36},"6":{"name":"(anonymous_6)","decl":{"start":{"line":37,"column":22},"end":{"line":37,"column":23}},"loc":{"start":{"line":37,"column":38},"end":{"line":39,"column":9}},"line":37}},"branchMap":{"0":{"loc":{"start":{"line":12,"column":46},"end":{"line":12,"column":63}},"type":"default-arg","locations":[{"start":{"line":12,"column":52},"end":{"line":12,"column":63}}],"line":12}},"s":{"0":3,"1":3,"2":3,"3":3,"4":3,"5":0,"6":0,"7":0,"8":0,"9":18,"10":3,"11":40,"12":0,"13":0},"f":{"0":3,"1":0,"2":18,"3":3,"4":40,"5":0,"6":0},"b":{"0":[0]},"_coverageSchema":"43e27e138ebf9cfc5966b082cf9a028302ed4184","hash":"d1ecd61121f5889103dea93906981406cd7bc885"}
,"/home/clara/Documentos/misrepos/blog-APIrest-practice-/backend/src/repository/index.js": {"path":"/home/clara/Documentos/misrepos/blog-APIrest-practice-/backend/src/repository/index.js","statementMap":{"0":{"start":{"line":2,"column":20},"end":{"line":2,"column":50}},"1":{"start":{"line":4,"column":14},"end":{"line":4,"column":32}},"2":{"start":{"line":5,"column":23},"end":{"line":5,"column":50}},"3":{"start":{"line":6,"column":14},"end":{"line":6,"column":35}},"4":{"start":{"line":7,"column":12},"end":{"line":7,"column":47}},"5":{"start":{"line":9,"column":26},"end":{"line":9,"column":59}},"6":{"start":{"line":10,"column":26},"end":{"line":10,"column":66}},"7":{"start":{"line":12,"column":0},"end":{"line":44,"column":2}},"8":{"start":{"line":14,"column":21},"end":{"line":17,"column":10}},"9":{"start":{"line":19,"column":8},"end":{"line":19,"column":40}},"10":{"start":{"line":20,"column":8},"end":{"line":20,"column":58}},"11":{"start":{"line":21,"column":8},"end":{"line":21,"column":40}},"12":{"start":{"line":22,"column":8},"end":{"line":22,"column":42}},"13":{"start":{"line":26,"column":25},"end":{"line":26,"column":76}},"14":{"start":{"line":27,"column":8},"end":{"line":30,"column":9}},"15":{"start":{"line":28,"column":12},"end":{"line":28,"column":79}},"16":{"start":{"line":29,"column":12},"end":{"line":29,"column":74}},"17":{"start":{"line":34,"column":25},"end":{"line":34,"column":58}},"18":{"start":{"line":35,"column":8},"end":{"line":38,"column":9}},"19":{"start":{"line":36,"column":12},"end":{"line":36,"column":66}},"20":{"start":{"line":37,"column":12},"end":{"line":37,"column":59}},"21":{"start":{"line":42,"column":8},"end":{"line":42,"column":34}}},"fnMap":{"0":{"name":"(anonymous_0)","decl":{"start":{"line":13,"column":4},"end":{"line":13,"column":5}},"loc":{"start":{"line":13,"column":22},"end":{"line":23,"column":5}},"line":13},"1":{"name":"(anonymous_1)","decl":{"start":{"line":25,"column":4},"end":{"line":25,"column":5}},"loc":{"start":{"line":25,"column":29},"end":{"line":31,"column":5}},"line":25},"2":{"name":"(anonymous_2)","decl":{"start":{"line":33,"column":4},"end":{"line":33,"column":5}},"loc":{"start":{"line":33,"column":29},"end":{"line":39,"column":5}},"line":33},"3":{"name":"(anonymous_3)","decl":{"start":{"line":41,"column":4},"end":{"line":41,"column":5}},"loc":{"start":{"line":41,"column":26},"end":{"line":43,"column":6}},"line":41}},"branchMap":{"0":{"loc":{"start":{"line":27,"column":8},"end":{"line":30,"column":9}},"type":"if","locations":[{"start":{"line":27,"column":8},"end":{"line":30,"column":9}},{"start":{"line":27,"column":8},"end":{"line":30,"column":9}}],"line":27},"1":{"loc":{"start":{"line":35,"column":8},"end":{"line":38,"column":9}},"type":"if","locations":[{"start":{"line":35,"column":8},"end":{"line":38,"column":9}},{"start":{"line":35,"column":8},"end":{"line":38,"column":9}}],"line":35}},"s":{"0":3,"1":3,"2":3,"3":3,"4":3,"5":3,"6":3,"7":3,"8":3,"9":3,"10":3,"11":3,"12":3,"13":3,"14":3,"15":0,"16":0,"17":3,"18":3,"19":0,"20":0,"21":0},"f":{"0":3,"1":3,"2":3,"3":0},"b":{"0":[0,3],"1":[0,3]},"_coverageSchema":"43e27e138ebf9cfc5966b082cf9a028302ed4184","hash":"1987db22f21bae9bab6a1ef9fe4f712c464131bd"}
,"/home/clara/Documentos/misrepos/blog-APIrest-practice-/backend/src/utils/defOffensiveWords.js": {"path":"/home/clara/Documentos/misrepos/blog-APIrest-practice-/backend/src/utils/defOffensiveWords.js","statementMap":{"0":{"start":{"line":1,"column":0},"end":{"line":5,"column":2}}},"fnMap":{},"branchMap":{},"s":{"0":3},"f":{},"b":{},"_coverageSchema":"43e27e138ebf9cfc5966b082cf9a028302ed4184","hash":"eb08e06f5be328f10f09ed98f5ff7509524fed7f"}
,"/home/clara/Documentos/misrepos/blog-APIrest-practice-/backend/src/utils/loadAdmins.js": {"path":"/home/clara/Documentos/misrepos/blog-APIrest-practice-/backend/src/utils/loadAdmins.js","statementMap":{"0":{"start":{"line":2,"column":0},"end":{"line":21,"column":2}}},"fnMap":{},"branchMap":{},"s":{"0":3},"f":{},"b":{},"_coverageSchema":"43e27e138ebf9cfc5966b082cf9a028302ed4184","hash":"6ec82ec3b57fb55f13eb003667b443d7f1dc5ecf"}
,"/home/clara/Documentos/misrepos/blog-APIrest-practice-/backend/src/validator/index.js": {"path":"/home/clara/Documentos/misrepos/blog-APIrest-practice-/backend/src/validator/index.js","statementMap":{"0":{"start":{"line":3,"column":0},"end":{"line":17,"column":1}},"1":{"start":{"line":4,"column":23},"end":{"line":4,"column":25}},"2":{"start":{"line":5,"column":22},"end":{"line":5,"column":40}},"3":{"start":{"line":6,"column":4},"end":{"line":14,"column":7}},"4":{"start":{"line":7,"column":25},"end":{"line":7,"column":38}},"5":{"start":{"line":8,"column":26},"end":{"line":8,"column":79}},"6":{"start":{"line":9,"column":34},"end":{"line":9,"column":69}},"7":{"start":{"line":11,"column":8},"end":{"line":13,"column":9}},"8":{"start":{"line":12,"column":13},"end":{"line":12,"column":44}},"9":{"start":{"line":16,"column":4},"end":{"line":16,"column":22}}},"fnMap":{"0":{"name":"(anonymous_0)","decl":{"start":{"line":3,"column":17},"end":{"line":3,"column":18}},"loc":{"start":{"line":3,"column":51},"end":{"line":17,"column":1}},"line":3},"1":{"name":"(anonymous_1)","decl":{"start":{"line":6,"column":25},"end":{"line":6,"column":26}},"loc":{"start":{"line":6,"column":42},"end":{"line":14,"column":5}},"line":6}},"branchMap":{"0":{"loc":{"start":{"line":3,"column":18},"end":{"line":3,"column":27}},"type":"default-arg","locations":[{"start":{"line":3,"column":25},"end":{"line":3,"column":27}}],"line":3},"1":{"loc":{"start":{"line":3,"column":29},"end":{"line":3,"column":46}},"type":"default-arg","locations":[{"start":{"line":3,"column":44},"end":{"line":3,"column":46}}],"line":3},"2":{"loc":{"start":{"line":11,"column":8},"end":{"line":13,"column":9}},"type":"if","locations":[{"start":{"line":11,"column":8},"end":{"line":13,"column":9}},{"start":{"line":11,"column":8},"end":{"line":13,"column":9}}],"line":11},"3":{"loc":{"start":{"line":11,"column":13},"end":{"line":11,"column":43}},"type":"binary-expr","locations":[{"start":{"line":11,"column":13},"end":{"line":11,"column":22}},{"start":{"line":11,"column":26},"end":{"line":11,"column":43}}],"line":11}},"s":{"0":4,"1":18,"2":18,"3":18,"4":98,"5":98,"6":98,"7":98,"8":10,"9":18},"f":{"0":18,"1":98},"b":{"0":[1],"1":[1],"2":[10,88],"3":[98,10]},"_coverageSchema":"43e27e138ebf9cfc5966b082cf9a028302ed4184","hash":"82f938f0587d31566f578a5618790fbbbd498c02"}
}
