TN:
SF:/home/clara/Documentos/misrepos/blog-APIrest-practice-/backend/src/server.js
FN:32,verify
FN:49,(anonymous_1)
FN:58,initApp
FNF:3
FNH:3
FNDA:23,verify
FNDA:25,(anonymous_1)
FNDA:3,initApp
DA:2,1
DA:3,1
DA:6,1
DA:7,1
DA:11,1
DA:12,1
DA:15,1
DA:16,1
DA:17,1
DA:19,1
DA:24,1
DA:26,1
DA:27,1
DA:28,1
DA:29,1
DA:34,23
DA:36,23
DA:37,0
DA:40,23
DA:41,23
DA:43,0
DA:47,1
DA:49,1
DA:50,25
DA:51,25
DA:52,25
DA:54,0
DA:59,3
DA:60,3
DA:61,3
DA:62,3
DA:65,1
LF:32
LH:29
BRDA:36,0,0,0
BRDA:36,0,1,23
BRDA:40,1,0,23
BRDA:40,1,1,0
BRDA:51,2,0,25
BRDA:51,2,1,0
BRF:6
BRH:3
end_of_record
TN:
SF:/home/clara/Documentos/misrepos/blog-APIrest-practice-/backend/src/controller/index.js
FNF:0
FNH:0
DA:1,1
DA:3,1
DA:4,1
DA:5,1
DA:6,1
DA:7,1
DA:10,1
DA:11,1
DA:12,1
DA:13,1
DA:14,1
DA:17,1
LF:12
LH:12
BRF:0
BRH:0
end_of_record
TN:
SF:/home/clara/Documentos/misrepos/blog-APIrest-practice-/backend/src/controller/comments/index.js
FN:14,(anonymous_0)
FN:46,(anonymous_1)
FN:67,(anonymous_2)
FNF:3
FNH:3
FNDA:3,(anonymous_0)
FNDA:2,(anonymous_1)
FNDA:2,(anonymous_2)
DA:4,1
DA:5,1
DA:6,1
DA:7,1
DA:8,1
DA:9,1
DA:12,1
DA:15,3
DA:16,3
DA:17,3
DA:18,3
DA:19,3
DA:20,3
DA:21,3
DA:22,3
DA:25,3
DA:26,0
DA:29,3
DA:30,0
DA:32,3
DA:33,3
DA:34,3
DA:35,2
DA:36,2
DA:38,1
DA:44,1
DA:47,2
DA:48,2
DA:49,2
DA:50,2
DA:52,2
DA:53,0
DA:54,2
DA:57,1
DA:59,1
DA:60,1
DA:65,1
DA:68,2
DA:69,2
DA:71,2
DA:72,2
DA:75,2
DA:76,2
DA:77,2
DA:79,2
DA:81,0
DA:83,2
DA:85,0
DA:88,2
DA:89,2
DA:90,2
DA:93,2
DA:94,0
DA:97,2
DA:98,2
DA:99,2
DA:101,2
DA:102,2
DA:104,0
DA:110,1
LF:60
LH:53
BRDA:25,0,0,0
BRDA:25,0,1,3
BRDA:25,1,0,3
BRDA:25,1,1,1
BRDA:29,2,0,0
BRDA:29,2,1,3
BRDA:34,3,0,2
BRDA:34,3,1,1
BRDA:52,4,0,0
BRDA:52,4,1,2
BRDA:54,5,0,1
BRDA:54,5,1,1
BRDA:55,6,0,2
BRDA:55,6,1,1
BRDA:79,7,0,0
BRDA:79,7,1,2
BRDA:83,8,0,0
BRDA:83,8,1,2
BRDA:83,9,0,2
BRDA:83,9,1,1
BRDA:93,10,0,0
BRDA:93,10,1,2
BRDA:99,11,0,2
BRDA:99,11,1,0
BRF:24
BRH:17
end_of_record
TN:
SF:/home/clara/Documentos/misrepos/blog-APIrest-practice-/backend/src/controller/login/index.js
FN:13,(anonymous_0)
FNF:1
FNH:1
FNDA:23,(anonymous_0)
DA:3,1
DA:4,1
DA:6,1
DA:7,1
DA:8,1
DA:11,1
DA:15,23
DA:17,23
DA:18,23
DA:20,23
DA:24,1
LF:11
LH:11
BRF:0
BRH:0
end_of_record
TN:
SF:/home/clara/Documentos/misrepos/blog-APIrest-practice-/backend/src/controller/offensivewords/index.js
FN:11,(anonymous_0)
FN:35,(anonymous_1)
FN:47,(anonymous_2)
FN:62,(anonymous_3)
FN:78,(anonymous_4)
FNF:5
FNH:5
FNDA:2,(anonymous_0)
FNDA:5,(anonymous_1)
FNDA:3,(anonymous_2)
FNDA:1,(anonymous_3)
FNDA:1,(anonymous_4)
DA:4,1
DA:5,1
DA:6,1
DA:7,1
DA:9,1
DA:12,2
DA:13,2
DA:14,2
DA:15,2
DA:17,2
DA:18,1
DA:19,1
DA:24,0
DA:25,1
DA:26,0
DA:28,1
DA:29,1
DA:33,1
DA:36,5
DA:37,5
DA:38,1
DA:40,4
DA:41,4
DA:45,1
DA:48,3
DA:49,3
DA:50,3
DA:51,3
DA:52,0
DA:53,3
DA:54,1
DA:56,2
DA:60,1
DA:63,1
DA:64,1
DA:65,1
DA:66,1
DA:67,0
DA:68,1
DA:69,0
DA:71,1
DA:72,1
DA:76,1
DA:79,1
DA:80,1
DA:81,1
DA:82,1
DA:83,0
DA:84,1
DA:85,0
DA:87,1
DA:88,1
DA:92,0
DA:94,1
DA:95,1
DA:100,1
LF:56
LH:48
BRDA:17,0,0,1
BRDA:17,0,1,1
BRDA:19,1,0,0
BRDA:19,1,1,1
BRDA:20,2,0,1
BRDA:20,2,1,1
BRDA:20,2,2,1
BRDA:20,2,3,1
BRDA:25,3,0,0
BRDA:25,3,1,1
BRDA:37,4,0,1
BRDA:37,4,1,4
BRDA:51,5,0,0
BRDA:51,5,1,3
BRDA:53,6,0,1
BRDA:53,6,1,2
BRDA:66,7,0,0
BRDA:66,7,1,1
BRDA:68,8,0,0
BRDA:68,8,1,1
BRDA:82,9,0,0
BRDA:82,9,1,1
BRDA:84,10,0,0
BRDA:84,10,1,1
BRDA:88,11,0,0
BRDA:88,11,1,1
BRDA:89,12,0,1
BRDA:89,12,1,1
BRF:28
BRH:20
end_of_record
TN:
SF:/home/clara/Documentos/misrepos/blog-APIrest-practice-/backend/src/controller/posts/index.js
FN:11,(anonymous_0)
FN:32,(anonymous_1)
FN:37,(anonymous_2)
FN:49,(anonymous_3)
FN:68,(anonymous_4)
FNF:5
FNH:4
FNDA:2,(anonymous_0)
FNDA:15,(anonymous_1)
FNDA:8,(anonymous_2)
FNDA:0,(anonymous_3)
FNDA:2,(anonymous_4)
DA:4,1
DA:5,1
DA:6,1
DA:7,1
DA:9,1
DA:12,2
DA:13,2
DA:14,2
DA:15,2
DA:17,2
DA:18,0
DA:19,2
DA:25,0
DA:27,2
DA:28,2
DA:32,1
DA:33,15
DA:34,15
DA:37,1
DA:38,8
DA:39,8
DA:40,8
DA:41,0
DA:43,8
DA:47,1
DA:50,0
DA:51,0
DA:52,0
DA:53,0
DA:54,0
DA:55,0
DA:56,0
DA:58,0
DA:59,0
DA:61,0
DA:62,0
DA:66,1
DA:70,2
DA:71,2
DA:72,2
DA:73,2
DA:74,2
DA:76,2
DA:79,0
DA:81,2
DA:82,0
DA:84,2
DA:85,2
DA:87,2
DA:92,0
DA:94,2
DA:96,2
DA:101,1
LF:53
LH:36
BRDA:17,0,0,0
BRDA:17,0,1,2
BRDA:17,1,0,2
BRDA:17,1,1,1
BRDA:19,2,0,0
BRDA:19,2,1,2
BRDA:20,3,0,2
BRDA:20,3,1,2
BRDA:20,3,2,2
BRDA:20,3,3,2
BRDA:40,4,0,0
BRDA:40,4,1,8
BRDA:55,5,0,0
BRDA:55,5,1,0
BRDA:55,6,0,0
BRDA:55,6,1,0
BRDA:58,7,0,0
BRDA:58,7,1,0
BRDA:76,8,0,0
BRDA:76,8,1,2
BRDA:77,9,0,2
BRDA:77,9,1,1
BRDA:81,10,0,0
BRDA:81,10,1,2
BRDA:87,11,0,0
BRDA:87,11,1,2
BRDA:88,12,0,2
BRDA:88,12,1,2
BRDA:88,12,2,2
BRF:29
BRH:17
end_of_record
TN:
SF:/home/clara/Documentos/misrepos/blog-APIrest-practice-/backend/src/controller/users/index.js
FN:6,(anonymous_0)
FN:27,(anonymous_1)
FNF:2
FNH:2
FNDA:1,(anonymous_0)
FNDA:2,(anonymous_1)
DA:1,1
DA:2,1
DA:3,1
DA:4,1
DA:6,1
DA:7,1
DA:8,1
DA:9,1
DA:11,1
DA:16,0
DA:17,1
DA:18,1
DA:20,0
DA:21,0
DA:25,1
DA:28,2
DA:29,2
DA:30,1
DA:32,1
DA:33,1
DA:37,1
LF:21
LH:18
BRDA:11,0,0,0
BRDA:11,0,1,1
BRDA:12,1,0,1
BRDA:12,1,1,1
BRDA:12,1,2,1
BRDA:17,2,0,1
BRDA:17,2,1,0
BRDA:29,3,0,1
BRDA:29,3,1,1
BRF:9
BRH:7
end_of_record
TN:
SF:/home/clara/Documentos/misrepos/blog-APIrest-practice-/backend/src/repository/OffensiveWords.js
FN:3,(anonymous_0)
FN:8,(anonymous_1)
FN:17,(anonymous_2)
FN:21,(anonymous_3)
FN:25,(anonymous_4)
FN:29,(anonymous_5)
FN:37,(anonymous_6)
FN:38,(anonymous_7)
FN:48,(anonymous_8)
FN:50,(anonymous_9)
FN:58,(anonymous_10)
FNF:11
FNH:8
FNDA:3,(anonymous_0)
FNDA:1,(anonymous_1)
FNDA:14,(anonymous_2)
FNDA:5,(anonymous_3)
FNDA:1,(anonymous_4)
FNDA:1,(anonymous_5)
FNDA:0,(anonymous_6)
FNDA:0,(anonymous_7)
FNDA:1,(anonymous_8)
FNDA:18,(anonymous_9)
FNDA:0,(anonymous_10)
DA:1,1
DA:2,1
DA:4,3
DA:5,3
DA:9,1
DA:10,1
DA:14,1
DA:18,14
DA:22,5
DA:26,1
DA:30,1
DA:34,1
DA:38,0
DA:39,0
DA:40,0
DA:41,0
DA:43,0
DA:49,1
DA:50,18
DA:51,1
DA:52,1
DA:54,0
DA:59,0
LF:23
LH:16
BRDA:40,0,0,0
BRDA:40,0,1,0
BRDA:40,1,0,0
BRDA:40,1,1,0
BRDA:51,2,0,1
BRDA:51,2,1,0
BRF:6
BRH:1
end_of_record
TN:
SF:/home/clara/Documentos/misrepos/blog-APIrest-practice-/backend/src/repository/Posts.js
FN:3,(anonymous_0)
FN:7,(anonymous_1)
FN:20,(anonymous_2)
FN:24,(anonymous_3)
FN:28,(anonymous_4)
FN:32,(anonymous_5)
FN:49,(anonymous_6)
FN:64,(anonymous_7)
FN:70,(anonymous_8)
FN:88,(anonymous_9)
FN:95,(anonymous_10)
FN:111,(anonymous_11)
FNF:12
FNH:9
FNDA:3,(anonymous_0)
FNDA:2,(anonymous_1)
FNDA:15,(anonymous_2)
FNDA:10,(anonymous_3)
FNDA:0,(anonymous_4)
FNDA:2,(anonymous_5)
FNDA:2,(anonymous_6)
FNDA:0,(anonymous_7)
FNDA:4,(anonymous_8)
FNDA:1,(anonymous_9)
FNDA:2,(anonymous_10)
FNDA:0,(anonymous_11)
DA:1,1
DA:2,1
DA:4,3
DA:5,3
DA:8,2
DA:9,2
DA:10,2
DA:17,2
DA:21,15
DA:25,10
DA:29,0
DA:33,2
DA:34,2
DA:35,2
DA:43,2
DA:50,2
DA:51,2
DA:58,2
DA:65,0
DA:71,4
DA:89,1
DA:96,2
DA:97,2
DA:105,2
DA:112,0
LF:25
LH:22
BRF:0
BRH:0
end_of_record
TN:
SF:/home/clara/Documentos/misrepos/blog-APIrest-practice-/backend/src/repository/Users.js
FN:6,(anonymous_0)
FN:11,(anonymous_1)
FN:24,(anonymous_2)
FN:28,(anonymous_3)
FN:32,(anonymous_4)
FN:43,(anonymous_5)
FN:44,(anonymous_6)
FN:48,(anonymous_7)
FNF:8
FNH:4
FNDA:3,(anonymous_0)
FNDA:0,(anonymous_1)
FNDA:23,(anonymous_2)
FNDA:4,(anonymous_3)
FNDA:49,(anonymous_4)
FNDA:0,(anonymous_5)
FNDA:0,(anonymous_6)
FNDA:0,(anonymous_7)
DA:2,1
DA:3,1
DA:5,1
DA:7,3
DA:8,3
DA:12,0
DA:13,0
DA:15,0
DA:21,0
DA:25,23
DA:29,4
DA:33,49
DA:44,0
DA:45,0
DA:49,0
LF:15
LH:8
BRDA:12,0,0,0
BRF:1
BRH:0
end_of_record
TN:
SF:/home/clara/Documentos/misrepos/blog-APIrest-practice-/backend/src/repository/index.js
FN:13,(anonymous_0)
FN:25,(anonymous_1)
FN:33,(anonymous_2)
FN:41,(anonymous_3)
FNF:4
FNH:3
FNDA:3,(anonymous_0)
FNDA:3,(anonymous_1)
FNDA:3,(anonymous_2)
FNDA:0,(anonymous_3)
DA:2,1
DA:4,1
DA:5,1
DA:6,1
DA:7,1
DA:9,1
DA:10,1
DA:12,1
DA:14,3
DA:19,3
DA:20,3
DA:21,3
DA:22,3
DA:26,3
DA:27,3
DA:28,0
DA:29,0
DA:34,3
DA:35,3
DA:36,0
DA:37,0
DA:42,0
DA:43,0
DA:44,0
DA:45,0
LF:25
LH:17
BRDA:27,0,0,0
BRDA:27,0,1,3
BRDA:35,1,0,0
BRDA:35,1,1,3
BRF:4
BRH:2
end_of_record
TN:
SF:/home/clara/Documentos/misrepos/blog-APIrest-practice-/backend/src/test/apiAdmin.js
FN:8,(anonymous_0)
FN:18,(anonymous_1)
FN:22,(anonymous_2)
FN:26,(anonymous_3)
FN:34,(anonymous_4)
FN:40,(anonymous_5)
FN:50,(anonymous_6)
FN:62,(anonymous_7)
FN:91,(anonymous_8)
FN:113,(anonymous_9)
FN:135,(anonymous_10)
FN:156,(anonymous_11)
FN:181,(anonymous_12)
FN:200,(anonymous_13)
FN:213,(anonymous_14)
FN:244,(anonymous_15)
FN:267,(anonymous_16)
FNF:17
FNH:17
FNDA:1,(anonymous_0)
FNDA:1,(anonymous_1)
FNDA:13,(anonymous_2)
FNDA:13,(anonymous_3)
FNDA:1,(anonymous_4)
FNDA:1,(anonymous_5)
FNDA:1,(anonymous_6)
FNDA:1,(anonymous_7)
FNDA:1,(anonymous_8)
FNDA:1,(anonymous_9)
FNDA:1,(anonymous_10)
FNDA:1,(anonymous_11)
FNDA:1,(anonymous_12)
FNDA:1,(anonymous_13)
FNDA:1,(anonymous_14)
FNDA:1,(anonymous_15)
FNDA:1,(anonymous_16)
DA:1,1
DA:2,1
DA:3,1
DA:8,1
DA:9,1
DA:10,1
DA:18,1
DA:20,1
DA:22,1
DA:23,13
DA:28,13
DA:30,13
DA:34,1
DA:35,1
DA:36,1
DA:37,1
DA:40,1
DA:41,1
DA:46,1
DA:50,1
DA:51,1
DA:55,1
DA:56,1
DA:57,1
DA:58,1
DA:62,1
DA:64,1
DA:70,1
DA:76,1
DA:77,1
DA:79,1
DA:84,1
DA:85,1
DA:87,1
DA:91,1
DA:92,1
DA:93,1
DA:94,1
DA:96,1
DA:102,1
DA:106,1
DA:107,1
DA:108,1
DA:113,1
DA:114,1
DA:115,1
DA:117,1
DA:121,1
DA:127,1
DA:128,1
DA:129,1
DA:131,1
DA:135,1
DA:136,1
DA:137,1
DA:139,1
DA:143,1
DA:149,1
DA:150,1
DA:152,1
DA:156,1
DA:157,1
DA:158,1
DA:159,1
DA:160,1
DA:161,1
DA:165,1
DA:169,1
DA:175,1
DA:177,1
DA:181,1
DA:182,1
DA:183,1
DA:184,1
DA:185,1
DA:186,1
DA:189,1
DA:196,1
DA:200,1
DA:202,1
DA:207,1
DA:208,1
DA:209,1
DA:210,1
DA:213,1
DA:215,1
DA:220,1
DA:226,1
DA:229,1
DA:230,1
DA:232,1
DA:237,1
DA:238,1
DA:240,1
DA:244,1
DA:245,1
DA:247,1
DA:248,1
DA:250,1
DA:256,1
DA:261,1
DA:262,1
DA:263,1
DA:267,1
DA:268,1
DA:270,1
DA:272,1
DA:277,1
DA:280,1
LF:109
LH:109
BRF:0
BRH:0
end_of_record
TN:
SF:/home/clara/Documentos/misrepos/blog-APIrest-practice-/backend/src/test/apiNoRegisterUser.js
FN:6,(anonymous_0)
FN:11,(anonymous_1)
FN:14,(anonymous_2)
FN:27,(anonymous_3)
FN:43,(anonymous_4)
FN:59,(anonymous_5)
FN:67,(anonymous_6)
FN:83,(anonymous_7)
FNF:8
FNH:8
FNDA:1,(anonymous_0)
FNDA:1,(anonymous_1)
FNDA:1,(anonymous_2)
FNDA:1,(anonymous_3)
FNDA:1,(anonymous_4)
FNDA:1,(anonymous_5)
FNDA:1,(anonymous_6)
FNDA:1,(anonymous_7)
DA:1,1
DA:2,1
DA:6,1
DA:7,1
DA:8,1
DA:11,1
DA:14,1
DA:16,1
DA:20,1
DA:21,1
DA:22,1
DA:23,1
DA:27,1
DA:28,1
DA:34,1
DA:38,1
DA:43,1
DA:44,1
DA:45,1
DA:47,1
DA:51,1
DA:55,1
DA:59,1
DA:61,1
DA:64,1
DA:67,1
DA:69,1
DA:74,1
DA:79,1
DA:83,1
DA:84,1
DA:89,1
DA:92,1
LF:33
LH:33
BRF:0
BRH:0
end_of_record
TN:
SF:/home/clara/Documentos/misrepos/blog-APIrest-practice-/backend/src/test/apiPublisher.js
FN:8,(anonymous_0)
FN:14,(anonymous_1)
FN:18,(anonymous_2)
FN:22,(anonymous_3)
FN:30,(anonymous_4)
FN:36,(anonymous_5)
FN:45,(anonymous_6)
FN:57,(anonymous_7)
FN:86,(anonymous_8)
FN:108,(anonymous_9)
FN:130,(anonymous_10)
FN:154,(anonymous_11)
FN:173,(anonymous_12)
FN:182,(anonymous_13)
FNF:14
FNH:14
FNDA:1,(anonymous_0)
FNDA:1,(anonymous_1)
FNDA:10,(anonymous_2)
FNDA:10,(anonymous_3)
FNDA:1,(anonymous_4)
FNDA:1,(anonymous_5)
FNDA:1,(anonymous_6)
FNDA:1,(anonymous_7)
FNDA:1,(anonymous_8)
FNDA:1,(anonymous_9)
FNDA:1,(anonymous_10)
FNDA:1,(anonymous_11)
FNDA:1,(anonymous_12)
FNDA:1,(anonymous_13)
DA:1,1
DA:2,1
DA:8,1
DA:9,1
DA:10,1
DA:14,1
DA:16,1
DA:18,1
DA:19,10
DA:24,10
DA:26,10
DA:30,1
DA:31,1
DA:32,1
DA:33,1
DA:36,1
DA:37,1
DA:41,1
DA:45,1
DA:46,1
DA:50,1
DA:51,1
DA:52,1
DA:53,1
DA:57,1
DA:59,1
DA:65,1
DA:71,1
DA:72,1
DA:74,1
DA:79,1
DA:80,1
DA:82,1
DA:86,1
DA:87,1
DA:88,1
DA:89,1
DA:91,1
DA:97,1
DA:101,1
DA:102,1
DA:103,1
DA:108,1
DA:109,1
DA:110,1
DA:112,1
DA:116,1
DA:122,1
DA:123,1
DA:124,1
DA:126,1
DA:130,1
DA:131,1
DA:132,1
DA:133,1
DA:134,1
DA:135,1
DA:138,1
DA:142,1
DA:148,1
DA:150,1
DA:154,1
DA:155,1
DA:156,1
DA:157,1
DA:158,1
DA:159,1
DA:162,1
DA:169,1
DA:173,1
DA:175,1
DA:179,1
DA:182,1
DA:184,1
DA:189,1
DA:195,1
LF:76
LH:76
BRF:0
BRH:0
end_of_record
TN:
SF:/home/clara/Documentos/misrepos/blog-APIrest-practice-/backend/src/test/validator.js
FN:3,(anonymous_0)
FN:4,(anonymous_1)
FN:11,(anonymous_2)
FN:20,(anonymous_3)
FN:29,(anonymous_4)
FN:38,(anonymous_5)
FN:47,(anonymous_6)
FN:56,(anonymous_7)
FN:65,(anonymous_8)
FN:74,(anonymous_9)
FN:83,(anonymous_10)
FN:92,(anonymous_11)
FN:101,(anonymous_12)
FN:110,(anonymous_13)
FN:119,(anonymous_14)
FNF:15
FNH:15
FNDA:1,(anonymous_0)
FNDA:1,(anonymous_1)
FNDA:1,(anonymous_2)
FNDA:1,(anonymous_3)
FNDA:1,(anonymous_4)
FNDA:1,(anonymous_5)
FNDA:1,(anonymous_6)
FNDA:1,(anonymous_7)
FNDA:1,(anonymous_8)
FNDA:1,(anonymous_9)
FNDA:1,(anonymous_10)
FNDA:1,(anonymous_11)
FNDA:1,(anonymous_12)
FNDA:1,(anonymous_13)
FNDA:1,(anonymous_14)
DA:1,1
DA:3,1
DA:4,1
DA:5,1
DA:6,1
DA:8,1
DA:11,1
DA:12,1
DA:13,1
DA:14,1
DA:15,1
DA:17,1
DA:20,1
DA:21,1
DA:22,1
DA:23,1
DA:24,1
DA:26,1
DA:29,1
DA:30,1
DA:31,1
DA:32,1
DA:33,1
DA:35,1
DA:38,1
DA:39,1
DA:40,1
DA:41,1
DA:42,1
DA:44,1
DA:47,1
DA:48,1
DA:49,1
DA:50,1
DA:51,1
DA:53,1
DA:56,1
DA:57,1
DA:58,1
DA:59,1
DA:60,1
DA:62,1
DA:65,1
DA:66,1
DA:67,1
DA:68,1
DA:69,1
DA:71,1
DA:74,1
DA:75,1
DA:76,1
DA:77,1
DA:78,1
DA:80,1
DA:83,1
DA:84,1
DA:85,1
DA:86,1
DA:87,1
DA:89,1
DA:92,1
DA:93,1
DA:94,1
DA:95,1
DA:96,1
DA:98,1
DA:101,1
DA:102,1
DA:103,1
DA:104,1
DA:105,1
DA:107,1
DA:110,1
DA:111,1
DA:112,1
DA:113,1
DA:114,1
DA:116,1
DA:119,1
DA:120,1
DA:121,1
DA:122,1
DA:123,1
DA:125,1
LF:84
LH:84
BRF:0
BRH:0
end_of_record
TN:
SF:/home/clara/Documentos/misrepos/blog-APIrest-practice-/backend/src/utils/defOffensiveWords.js
FNF:0
FNH:0
DA:1,1
LF:1
LH:1
BRF:0
BRH:0
end_of_record
TN:
SF:/home/clara/Documentos/misrepos/blog-APIrest-practice-/backend/src/utils/loadAdmins.js
FNF:0
FNH:0
DA:2,1
LF:1
LH:1
BRF:0
BRH:0
end_of_record
TN:
SF:/home/clara/Documentos/misrepos/blog-APIrest-practice-/backend/src/validator/index.js
FN:3,(anonymous_0)
FN:6,(anonymous_1)
FNF:2
FNH:2
FNDA:19,(anonymous_0)
FNDA:116,(anonymous_1)
DA:3,1
DA:4,19
DA:5,19
DA:6,19
DA:7,116
DA:8,116
DA:9,116
DA:11,116
DA:12,11
DA:16,19
LF:10
LH:10
BRDA:3,0,0,1
BRDA:3,1,0,1
BRDA:11,2,0,11
BRDA:11,2,1,105
BRDA:11,3,0,116
BRDA:11,3,1,11
BRF:6
BRH:6
end_of_record
