TN:
SF:/home/clara/Documentos/misrepos/blog-APIrest-practice-/backend/src/server.js
FN:32,verify
FN:49,(anonymous_1)
FN:58,initApp
FNF:3
FNH:3
FNDA:18,verify
FNDA:22,(anonymous_1)
FNDA:3,initApp
DA:2,3
DA:3,3
DA:6,3
DA:7,3
DA:11,3
DA:12,3
DA:15,3
DA:16,3
DA:17,3
DA:19,3
DA:24,3
DA:26,3
DA:27,3
DA:28,3
DA:29,3
DA:34,18
DA:36,18
DA:37,0
DA:40,18
DA:41,18
DA:43,0
DA:47,3
DA:49,3
DA:50,22
DA:51,22
DA:52,22
DA:54,0
DA:59,3
DA:60,3
DA:61,3
DA:62,3
DA:65,3
LF:32
LH:29
BRDA:36,0,0,0
BRDA:36,0,1,18
BRDA:40,1,0,18
BRDA:40,1,1,0
BRDA:51,2,0,22
BRDA:51,2,1,0
BRF:6
BRH:3
end_of_record
TN:
SF:/home/clara/Documentos/misrepos/blog-APIrest-practice-/backend/src/controller/index.js
FNF:0
FNH:0
DA:1,3
DA:3,3
DA:4,3
DA:5,3
DA:6,3
DA:7,3
DA:10,3
DA:11,3
DA:12,3
DA:13,3
DA:14,3
DA:17,3
LF:12
LH:12
BRF:0
BRH:0
end_of_record
TN:
SF:/home/clara/Documentos/misrepos/blog-APIrest-practice-/backend/src/controller/comments/index.js
FN:14,(anonymous_0)
FN:46,(anonymous_1)
FN:67,(anonymous_2)
FNF:3
FNH:3
FNDA:2,(anonymous_0)
FNDA:2,(anonymous_1)
FNDA:2,(anonymous_2)
DA:4,3
DA:5,3
DA:6,3
DA:7,3
DA:8,3
DA:9,3
DA:12,3
DA:15,2
DA:16,2
DA:17,2
DA:18,2
DA:19,2
DA:20,2
DA:21,2
DA:22,2
DA:25,2
DA:26,0
DA:29,2
DA:30,0
DA:32,2
DA:33,2
DA:34,2
DA:35,2
DA:36,2
DA:38,0
DA:44,3
DA:47,2
DA:48,2
DA:49,2
DA:50,2
DA:52,2
DA:53,0
DA:54,2
DA:57,1
DA:59,1
DA:60,1
DA:65,3
DA:68,2
DA:69,2
DA:71,2
DA:72,2
DA:75,2
DA:76,2
DA:77,2
DA:79,2
DA:81,0
DA:83,2
DA:85,0
DA:88,2
DA:89,2
DA:90,2
DA:93,2
DA:94,0
DA:97,2
DA:98,2
DA:99,2
DA:101,2
DA:102,2
DA:104,0
DA:110,3
LF:60
LH:52
BRDA:25,0,0,0
BRDA:25,0,1,2
BRDA:25,1,0,2
BRDA:25,1,1,1
BRDA:29,2,0,0
BRDA:29,2,1,2
BRDA:34,3,0,2
BRDA:34,3,1,0
BRDA:52,4,0,0
BRDA:52,4,1,2
BRDA:54,5,0,1
BRDA:54,5,1,1
BRDA:55,6,0,2
BRDA:55,6,1,1
BRDA:79,7,0,0
BRDA:79,7,1,2
BRDA:83,8,0,0
BRDA:83,8,1,2
BRDA:83,9,0,2
BRDA:83,9,1,1
BRDA:93,10,0,0
BRDA:93,10,1,2
BRDA:99,11,0,2
BRDA:99,11,1,0
BRF:24
BRH:16
end_of_record
TN:
SF:/home/clara/Documentos/misrepos/blog-APIrest-practice-/backend/src/controller/login/index.js
FN:13,(anonymous_0)
FNF:1
FNH:1
FNDA:18,(anonymous_0)
DA:3,3
DA:4,3
DA:6,3
DA:7,3
DA:8,3
DA:11,3
DA:15,18
DA:17,18
DA:18,18
DA:20,18
DA:24,3
LF:11
LH:11
BRF:0
BRH:0
end_of_record
TN:
SF:/home/clara/Documentos/misrepos/blog-APIrest-practice-/backend/src/controller/offensivewords/index.js
FN:11,(anonymous_0)
FN:35,(anonymous_1)
FN:47,(anonymous_2)
FN:62,(anonymous_3)
FN:78,(anonymous_4)
FNF:5
FNH:5
FNDA:2,(anonymous_0)
FNDA:5,(anonymous_1)
FNDA:3,(anonymous_2)
FNDA:1,(anonymous_3)
FNDA:1,(anonymous_4)
DA:4,3
DA:5,3
DA:6,3
DA:7,3
DA:9,3
DA:12,2
DA:13,2
DA:14,2
DA:15,2
DA:17,2
DA:18,1
DA:19,1
DA:24,0
DA:25,1
DA:26,0
DA:28,1
DA:29,1
DA:33,3
DA:36,5
DA:37,5
DA:38,1
DA:40,4
DA:41,4
DA:45,3
DA:48,3
DA:49,3
DA:50,3
DA:51,3
DA:52,0
DA:53,3
DA:54,1
DA:56,2
DA:60,3
DA:63,1
DA:64,1
DA:65,1
DA:66,1
DA:67,0
DA:68,1
DA:69,0
DA:71,1
DA:72,1
DA:76,3
DA:79,1
DA:80,1
DA:81,1
DA:82,1
DA:83,0
DA:84,1
DA:85,0
DA:87,1
DA:88,1
DA:92,0
DA:94,1
DA:95,1
DA:100,3
LF:56
LH:48
BRDA:17,0,0,1
BRDA:17,0,1,1
BRDA:19,1,0,0
BRDA:19,1,1,1
BRDA:20,2,0,1
BRDA:20,2,1,1
BRDA:20,2,2,1
BRDA:20,2,3,1
BRDA:25,3,0,0
BRDA:25,3,1,1
BRDA:37,4,0,1
BRDA:37,4,1,4
BRDA:51,5,0,0
BRDA:51,5,1,3
BRDA:53,6,0,1
BRDA:53,6,1,2
BRDA:66,7,0,0
BRDA:66,7,1,1
BRDA:68,8,0,0
BRDA:68,8,1,1
BRDA:82,9,0,0
BRDA:82,9,1,1
BRDA:84,10,0,0
BRDA:84,10,1,1
BRDA:88,11,0,0
BRDA:88,11,1,1
BRDA:89,12,0,1
BRDA:89,12,1,1
BRF:28
BRH:20
end_of_record
TN:
SF:/home/clara/Documentos/misrepos/blog-APIrest-practice-/backend/src/controller/posts/index.js
FN:11,(anonymous_0)
FN:32,(anonymous_1)
FN:37,(anonymous_2)
FN:49,(anonymous_3)
FN:68,(anonymous_4)
FNF:5
FNH:4
FNDA:2,(anonymous_0)
FNDA:16,(anonymous_1)
FNDA:10,(anonymous_2)
FNDA:0,(anonymous_3)
FNDA:2,(anonymous_4)
DA:4,3
DA:5,3
DA:6,3
DA:7,3
DA:9,3
DA:12,2
DA:13,2
DA:14,2
DA:15,2
DA:17,2
DA:18,0
DA:19,2
DA:25,0
DA:27,2
DA:28,2
DA:32,3
DA:33,16
DA:34,16
DA:37,3
DA:38,10
DA:39,10
DA:40,10
DA:41,0
DA:43,10
DA:47,3
DA:50,0
DA:51,0
DA:52,0
DA:53,0
DA:54,0
DA:55,0
DA:56,0
DA:58,0
DA:59,0
DA:61,0
DA:62,0
DA:66,3
DA:70,2
DA:71,2
DA:72,2
DA:73,2
DA:74,2
DA:76,2
DA:79,0
DA:81,2
DA:82,0
DA:84,2
DA:85,2
DA:87,2
DA:92,0
DA:94,2
DA:96,2
DA:101,3
LF:53
LH:36
BRDA:17,0,0,0
BRDA:17,0,1,2
BRDA:17,1,0,2
BRDA:17,1,1,1
BRDA:19,2,0,0
BRDA:19,2,1,2
BRDA:20,3,0,2
BRDA:20,3,1,2
BRDA:20,3,2,2
BRDA:20,3,3,2
BRDA:40,4,0,0
BRDA:40,4,1,10
BRDA:55,5,0,0
BRDA:55,5,1,0
BRDA:55,6,0,0
BRDA:55,6,1,0
BRDA:58,7,0,0
BRDA:58,7,1,0
BRDA:76,8,0,0
BRDA:76,8,1,2
BRDA:77,9,0,2
BRDA:77,9,1,1
BRDA:81,10,0,0
BRDA:81,10,1,2
BRDA:87,11,0,0
BRDA:87,11,1,2
BRDA:88,12,0,2
BRDA:88,12,1,2
BRDA:88,12,2,2
BRF:29
BRH:17
end_of_record
TN:
SF:/home/clara/Documentos/misrepos/blog-APIrest-practice-/backend/src/controller/users/index.js
FN:5,(anonymous_0)
FN:24,(anonymous_1)
FNF:2
FNH:0
FNDA:0,(anonymous_0)
FNDA:0,(anonymous_1)
DA:1,3
DA:2,3
DA:3,3
DA:5,3
DA:6,0
DA:7,0
DA:8,0
DA:10,0
DA:15,0
DA:16,0
DA:17,0
DA:19,0
DA:20,0
DA:24,3
DA:25,0
DA:26,0
DA:29,3
LF:17
LH:6
BRDA:10,0,0,0
BRDA:10,0,1,0
BRDA:11,1,0,0
BRDA:11,1,1,0
BRDA:11,1,2,0
BRDA:16,2,0,0
BRDA:16,2,1,0
BRF:7
BRH:0
end_of_record
TN:
SF:/home/clara/Documentos/misrepos/blog-APIrest-practice-/backend/src/repository/OffensiveWords.js
FN:3,(anonymous_0)
FN:8,(anonymous_1)
FN:17,(anonymous_2)
FN:21,(anonymous_3)
FN:25,(anonymous_4)
FN:29,(anonymous_5)
FN:37,(anonymous_6)
FN:38,(anonymous_7)
FN:48,(anonymous_8)
FN:50,(anonymous_9)
FNF:10
FNH:8
FNDA:3,(anonymous_0)
FNDA:1,(anonymous_1)
FNDA:13,(anonymous_2)
FNDA:5,(anonymous_3)
FNDA:1,(anonymous_4)
FNDA:1,(anonymous_5)
FNDA:0,(anonymous_6)
FNDA:0,(anonymous_7)
FNDA:1,(anonymous_8)
FNDA:18,(anonymous_9)
DA:1,3
DA:2,3
DA:4,3
DA:5,3
DA:9,1
DA:10,1
DA:14,1
DA:18,13
DA:22,5
DA:26,1
DA:30,1
DA:34,1
DA:38,0
DA:39,0
DA:40,0
DA:41,0
DA:43,0
DA:49,1
DA:50,18
DA:51,1
DA:52,1
DA:54,0
LF:22
LH:16
BRDA:40,0,0,0
BRDA:40,0,1,0
BRDA:40,1,0,0
BRDA:40,1,1,0
BRDA:51,2,0,1
BRDA:51,2,1,0
BRF:6
BRH:1
end_of_record
TN:
SF:/home/clara/Documentos/misrepos/blog-APIrest-practice-/backend/src/repository/Posts.js
FN:3,(anonymous_0)
FN:7,(anonymous_1)
FN:20,(anonymous_2)
FN:24,(anonymous_3)
FN:28,(anonymous_4)
FN:32,(anonymous_5)
FN:49,(anonymous_6)
FN:64,(anonymous_7)
FN:70,(anonymous_8)
FN:88,(anonymous_9)
FN:95,(anonymous_10)
FNF:11
FNH:9
FNDA:3,(anonymous_0)
FNDA:2,(anonymous_1)
FNDA:16,(anonymous_2)
FNDA:12,(anonymous_3)
FNDA:0,(anonymous_4)
FNDA:2,(anonymous_5)
FNDA:2,(anonymous_6)
FNDA:0,(anonymous_7)
FNDA:4,(anonymous_8)
FNDA:1,(anonymous_9)
FNDA:2,(anonymous_10)
DA:1,3
DA:2,3
DA:4,3
DA:5,3
DA:8,2
DA:9,2
DA:10,2
DA:17,2
DA:21,16
DA:25,12
DA:29,0
DA:33,2
DA:34,2
DA:35,2
DA:43,2
DA:50,2
DA:51,2
DA:58,2
DA:65,0
DA:71,4
DA:89,1
DA:96,2
DA:97,2
DA:105,2
LF:24
LH:22
BRF:0
BRH:0
end_of_record
TN:
SF:/home/clara/Documentos/misrepos/blog-APIrest-practice-/backend/src/repository/Users.js
FN:6,(anonymous_0)
FN:11,(anonymous_1)
FN:24,(anonymous_2)
FN:28,(anonymous_3)
FN:32,(anonymous_4)
FN:36,(anonymous_5)
FN:37,(anonymous_6)
FNF:7
FNH:4
FNDA:3,(anonymous_0)
FNDA:0,(anonymous_1)
FNDA:18,(anonymous_2)
FNDA:3,(anonymous_3)
FNDA:40,(anonymous_4)
FNDA:0,(anonymous_5)
FNDA:0,(anonymous_6)
DA:2,3
DA:3,3
DA:5,3
DA:7,3
DA:8,3
DA:12,0
DA:13,0
DA:15,0
DA:21,0
DA:25,18
DA:29,3
DA:33,40
DA:37,0
DA:38,0
LF:14
LH:8
BRDA:12,0,0,0
BRF:1
BRH:0
end_of_record
TN:
SF:/home/clara/Documentos/misrepos/blog-APIrest-practice-/backend/src/repository/index.js
FN:13,(anonymous_0)
FN:25,(anonymous_1)
FN:33,(anonymous_2)
FN:41,(anonymous_3)
FNF:4
FNH:3
FNDA:3,(anonymous_0)
FNDA:3,(anonymous_1)
FNDA:3,(anonymous_2)
FNDA:0,(anonymous_3)
DA:2,3
DA:4,3
DA:5,3
DA:6,3
DA:7,3
DA:9,3
DA:10,3
DA:12,3
DA:14,3
DA:19,3
DA:20,3
DA:21,3
DA:22,3
DA:26,3
DA:27,3
DA:28,0
DA:29,0
DA:34,3
DA:35,3
DA:36,0
DA:37,0
DA:42,0
LF:22
LH:17
BRDA:27,0,0,0
BRDA:27,0,1,3
BRDA:35,1,0,0
BRDA:35,1,1,3
BRF:4
BRH:2
end_of_record
TN:
SF:/home/clara/Documentos/misrepos/blog-APIrest-practice-/backend/src/utils/defOffensiveWords.js
FNF:0
FNH:0
DA:1,3
LF:1
LH:1
BRF:0
BRH:0
end_of_record
TN:
SF:/home/clara/Documentos/misrepos/blog-APIrest-practice-/backend/src/utils/loadAdmins.js
FNF:0
FNH:0
DA:2,3
LF:1
LH:1
BRF:0
BRH:0
end_of_record
TN:
SF:/home/clara/Documentos/misrepos/blog-APIrest-practice-/backend/src/validator/index.js
FN:3,(anonymous_0)
FN:6,(anonymous_1)
FNF:2
FNH:2
FNDA:18,(anonymous_0)
FNDA:98,(anonymous_1)
DA:3,4
DA:4,18
DA:5,18
DA:6,18
DA:7,98
DA:8,98
DA:9,98
DA:11,98
DA:12,10
DA:16,18
LF:10
LH:10
BRDA:3,0,0,1
BRDA:3,1,0,1
BRDA:11,2,0,10
BRDA:11,2,1,88
BRDA:11,3,0,98
BRDA:11,3,1,10
BRF:6
BRH:6
end_of_record
